#
# A fatal error has been detected by the Java Runtime Environment:
#
#  SIGSEGV (0xb) at pc=0x00000001123a9faa, pid=19998, tid=0x0000000000013003
#
# JRE version: OpenJDK Runtime Environment (8.0_292-b10) (build 1.8.0_292-b10)
# Java VM: OpenJDK 64-Bit Server VM (25.292-b10 mixed mode bsd-amd64 compressed oops)
# Problematic frame:
# V  [libjvm.dylib+0x30efaa]
#
# Failed to write core dump. Core dumps have been disabled. To enable core dumping, try "ulimit -c unlimited" before starting Java again
#
# If you would like to submit a bug report, please visit:
#   https://github.com/AdoptOpenJDK/openjdk-support/issues
#

---------------  T H R E A D  ---------------

Current thread (0x00007fafb4a00000):  JavaThread "File Watcher" daemon [_thread_in_vm, id=77827, stack(0x00007000134d7000,0x00007000135d7000)]

siginfo: si_signo: 11 (SIGSEGV), si_code: 1 (SEGV_MAPERR), si_addr: 0x0000000000000000

Registers:
RAX=0x0000000000000000, RBX=0x00007fafb4a00000, RCX=0x000000000000028d, RDX=0x0000000000000000
RSP=0x00007000135d4e80, RBP=0x00007000135d4ef0, RSI=0x0000000000000000, RDI=0x00007fafb4a00250
R8 =0x00007faf260c88f0, R9 =0x00000001127ab300, R10=0x00000001126a7252, R11=0x00000001127a45b3
R12=0x0000000000000000, R13=0x0000000000000000, R14=0x00007faf260c88f0, R15=0x000000000000028d
RIP=0x00000001123a9faa, EFLAGS=0x0000000000010246, ERR=0x0000000000000004
  TRAPNO=0x000000000000000e

Top of Stack: (sp=0x00007000135d4e80)
0x00007000135d4e80:   00007faf260c8c40 00007fafb4a00000
0x00007000135d4e90:   0000000000000000 00007fafb4a00000
0x00007000135d4ea0:   00007fafb4a00000 00007fafb4a00000
0x00007000135d4eb0:   00007fafb4a00000 00007faf260c88f0
0x00007000135d4ec0:   0000000000000000 00007faf260c88f0
0x00007000135d4ed0:   00007000135d50a8 00007000135d54f0
0x00007000135d4ee0:   000000000000028d 0000000000000000
0x00007000135d4ef0:   00007000135d4fa0 000000010c79eb2f
0x00007000135d4f00:   0000000000000000 00000001123edfa0
0x00007000135d4f10:   0000600002b025a0 00000000135d54f0
0x00007000135d4f20:   0000600002b025a0 00007fafc3d04b40
0x00007000135d4f30:   00007000135d4f70 000000010c79eedb
0x00007000135d4f40:   0000000000000000 0000000000000000
0x00007000135d4f50:   00007fafc685a928 00007faf260c8c10
0x00007000135d4f60:   0000000000000000 0000000000000000
0x00007000135d4f70:   0000000000000000 00007fafb4a00250
0x00007000135d4f80:   00007fafc3d04b40 00007000135d50b4
0x00007000135d4f90:   00007000135d50a8 0000000000000001
0x00007000135d4fa0:   00007000135d5030 000000010c79ee15
0x00007000135d4fb0:   0000000000000000 00007faf0000028d
0x00007000135d4fc0:   00007faf260c88f0 00007000135d50b4
0x00007000135d4fd0:   00007000135d50a8 00007faf00000001
0x00007000135d4fe0:   00007000135d4ff0 0000000000000000
0x00007000135d4ff0:   0000000000000000 00007faf260c8c10
0x00007000135d5000:   0000000000000000 0000000000000000
0x00007000135d5010:   00007fafb4a00250 00007fafc3d04b40
0x00007000135d5020:   00007000135d5190 00007fafc3d04b40
0x00007000135d5030:   00007000135d5150 00000001124309d7
0x00007000135d5040:   000000000000028d 00007faf260c88f0
0x00007000135d5050:   00007000135d50b4 00007000135d50a8
0x00007000135d5060:   00007fafa4832468 00007fafb4a00000
0x00007000135d5070:   00007fafb4a00250 434f4e4500000001 

Instructions: (pc=0x00000001123a9faa)
0x00000001123a9f8a:   d4 49 63 cf 4c 89 f7 4c 89 ee 48 89 55 d0 4c 8b
0x00000001123a9f9a:   75 c8 4d 89 f0 90 0f 1f 40 00 41 f6 c5 01 75 06
0x00000001123a9faa:   49 8b 45 00 eb 08 4c 89 ef e8 4a 08 02 00 44 89
0x00000001123a9fba:   f9 44 09 e1 78 1c 48 8d 0d ea a5 3f 00 8a 11 31 

Register to memory mapping:

RAX=0x0000000000000000 is an unknown value
RBX=0x00007fafb4a00000 is a thread
RCX=0x000000000000028d is an unknown value
RDX=0x0000000000000000 is an unknown value
RSP=0x00007000135d4e80 is pointing into the stack for thread: 0x00007fafb4a00000
RBP=0x00007000135d4ef0 is pointing into the stack for thread: 0x00007fafb4a00000
RSI=0x0000000000000000 is an unknown value
RDI=0x00007fafb4a00250 is an unknown value
R8 =0x00007faf260c88f0 is an unknown value
R9 =0x00000001127ab300: _ZN2os16_processor_countE+0 in /Users/tangyao/Library/Java/JavaVirtualMachines/adopt-openjdk-1.8.0_292/Contents/Home/jre/lib/server/libjvm.dylib at 0x000000011209b000
R10=0x00000001126a7252: _ZL18hsdis_library_name+0x31b9e in /Users/tangyao/Library/Java/JavaVirtualMachines/adopt-openjdk-1.8.0_292/Contents/Home/jre/lib/server/libjvm.dylib at 0x000000011209b000
R11=0x00000001127a45b3: AssumeMP+0 in /Users/tangyao/Library/Java/JavaVirtualMachines/adopt-openjdk-1.8.0_292/Contents/Home/jre/lib/server/libjvm.dylib at 0x000000011209b000
R12=0x0000000000000000 is an unknown value
R13=0x0000000000000000 is an unknown value
R14=0x00007faf260c88f0 is an unknown value
R15=0x000000000000028d is an unknown value


Stack: [0x00007000134d7000,0x00007000135d7000],  sp=0x00007000135d4e80,  free space=1015k
Native frames: (J=compiled Java code, j=interpreted, Vv=VM code, C=native code)
V  [libjvm.dylib+0x30efaa]
C  [libjrebel64.dylib+0x6b2f]  classFileLoadHook+0xcf
C  [libjrebel64.dylib+0x6e15]  callback_ClassFileLoadHook_retransform+0xb5
V  [libjvm.dylib+0x3959d7]
V  [libjvm.dylib+0x395879]
V  [libjvm.dylib+0x38d8db]
V  [libjvm.dylib+0x175615]
V  [libjvm.dylib+0x17ae5d]
V  [libjvm.dylib+0x535fb0]
V  [libjvm.dylib+0x535226]
V  [libjvm.dylib+0x535719]
V  [libjvm.dylib+0x175fba]
V  [libjvm.dylib+0x17ae5d]
V  [libjvm.dylib+0x535fb0]
V  [libjvm.dylib+0x535226]
V  [libjvm.dylib+0x534917]
V  [libjvm.dylib+0x1cb5b7]
V  [libjvm.dylib+0x44bc8a]
V  [libjvm.dylib+0x2bfdd1]
j  java.lang.Throwable.printStackTrace(Ljava/io/PrintStream;)V+5
j  java.lang.ThreadGroup.uncaughtException(Ljava/lang/Thread;Ljava/lang/Throwable;)V+91
j  java.lang.ThreadGroup.uncaughtException(Ljava/lang/Thread;Ljava/lang/Throwable;)V+17
j  java.lang.Thread.dispatchUncaughtException(Ljava/lang/Throwable;)V+6
v  ~StubRoutines::call_stub
V  [libjvm.dylib+0x2c8347]
V  [libjvm.dylib+0x2c7193]
V  [libjvm.dylib+0x2c73f2]
V  [libjvm.dylib+0x55b1a1]
V  [libjvm.dylib+0x55aee2]
V  [libjvm.dylib+0x55ad17]
V  [libjvm.dylib+0x48977f]
C  [libsystem_pthread.dylib+0x65a8]  _pthread_start+0x7d
C  [libsystem_pthread.dylib+0x20c3]  thread_start+0xf
C  0x0000000000000000

Java frames: (J=compiled Java code, j=interpreted, Vv=VM code)
j  java.lang.Throwable.printStackTrace(Ljava/io/PrintStream;)V+5
j  java.lang.ThreadGroup.uncaughtException(Ljava/lang/Thread;Ljava/lang/Throwable;)V+91
j  java.lang.ThreadGroup.uncaughtException(Ljava/lang/Thread;Ljava/lang/Throwable;)V+17
j  java.lang.Thread.dispatchUncaughtException(Ljava/lang/Throwable;)V+6
v  ~StubRoutines::call_stub

---------------  P R O C E S S  ---------------

Java Threads: ( => current thread )
  0x00007fafc6607800 JavaThread "http-nio-10000-exec-200" daemon [_thread_blocked, id=176131, stack(0x0000700021165000,0x0000700021265000)]
  0x00007fafb4a1a000 JavaThread "http-nio-10000-exec-199" daemon [_thread_blocked, id=175875, stack(0x0000700021062000,0x0000700021162000)]
  0x00007fafc0270800 JavaThread "http-nio-10000-exec-198" daemon [_thread_blocked, id=175619, stack(0x0000700020f5f000,0x000070002105f000)]
  0x00007fafa42d1800 JavaThread "http-nio-10000-exec-197" daemon [_thread_blocked, id=216835, stack(0x0000700020e5c000,0x0000700020f5c000)]
  0x00007fafa42d0800 JavaThread "http-nio-10000-exec-196" daemon [_thread_blocked, id=217347, stack(0x0000700020d59000,0x0000700020e59000)]
  0x00007fafa42d0000 JavaThread "http-nio-10000-exec-195" daemon [_thread_blocked, id=175363, stack(0x0000700020c56000,0x0000700020d56000)]
  0x00007fafb51e0800 JavaThread "http-nio-10000-exec-194" daemon [_thread_blocked, id=174851, stack(0x0000700020b53000,0x0000700020c53000)]
  0x00007faf270c9800 JavaThread "http-nio-10000-exec-193" daemon [_thread_blocked, id=218115, stack(0x0000700020a50000,0x0000700020b50000)]
  0x00007fafb51df800 JavaThread "http-nio-10000-exec-192" daemon [_thread_blocked, id=153347, stack(0x000070002094d000,0x0000700020a4d000)]
  0x00007faf278a4000 JavaThread "http-nio-10000-exec-191" daemon [_thread_blocked, id=153859, stack(0x000070002084a000,0x000070002094a000)]
  0x00007faf258b1000 JavaThread "http-nio-10000-exec-190" daemon [_thread_blocked, id=152835, stack(0x0000700020747000,0x0000700020847000)]
  0x00007fafb731f000 JavaThread "http-nio-10000-exec-189" daemon [_thread_blocked, id=152579, stack(0x0000700020644000,0x0000700020744000)]
  0x00007fafc6606800 JavaThread "http-nio-10000-exec-188" daemon [_thread_blocked, id=152323, stack(0x0000700020541000,0x0000700020641000)]
  0x00007faf278a3800 JavaThread "http-nio-10000-exec-187" daemon [_thread_blocked, id=154627, stack(0x000070002043e000,0x000070002053e000)]
  0x00007fafb4a14800 JavaThread "http-nio-10000-exec-186" daemon [_thread_blocked, id=151811, stack(0x000070002033b000,0x000070002043b000)]
  0x00007faf24355000 JavaThread "http-nio-10000-exec-185" daemon [_thread_blocked, id=155395, stack(0x0000700020238000,0x0000700020338000)]
  0x00007fafb5b84000 JavaThread "http-nio-10000-exec-184" daemon [_thread_blocked, id=151299, stack(0x0000700020135000,0x0000700020235000)]
  0x00007faf260bf800 JavaThread "http-nio-10000-exec-183" daemon [_thread_blocked, id=151043, stack(0x0000700020032000,0x0000700020132000)]
  0x00007fafb42ec000 JavaThread "http-nio-10000-exec-182" daemon [_thread_blocked, id=155907, stack(0x000070001ff2f000,0x000070002002f000)]
  0x00007faf260bf000 JavaThread "http-nio-10000-exec-181" daemon [_thread_blocked, id=150275, stack(0x000070001fe2c000,0x000070001ff2c000)]
  0x00007fafc5dd0000 JavaThread "http-nio-10000-exec-180" daemon [_thread_blocked, id=150019, stack(0x000070001fd29000,0x000070001fe29000)]
  0x00007faf24354000 JavaThread "http-nio-10000-exec-179" daemon [_thread_blocked, id=149763, stack(0x000070001fc26000,0x000070001fd26000)]
  0x00007fafc026e000 JavaThread "http-nio-10000-exec-178" daemon [_thread_blocked, id=149507, stack(0x000070001fb23000,0x000070001fc23000)]
  0x00007fafc4f6d000 JavaThread "http-nio-10000-exec-177" daemon [_thread_blocked, id=157187, stack(0x000070001fa20000,0x000070001fb20000)]
  0x00007fafb7a38800 JavaThread "http-nio-10000-exec-176" daemon [_thread_blocked, id=157699, stack(0x000070001f91d000,0x000070001fa1d000)]
  0x00007fafb51de800 JavaThread "http-nio-10000-exec-175" daemon [_thread_blocked, id=148995, stack(0x000070001f81a000,0x000070001f91a000)]
  0x00007fafb7a37800 JavaThread "http-nio-10000-exec-174" daemon [_thread_blocked, id=157955, stack(0x000070001f717000,0x000070001f817000)]
  0x00007fafb731c000 JavaThread "http-nio-10000-exec-173" daemon [_thread_blocked, id=148483, stack(0x000070001f614000,0x000070001f714000)]
  0x00007faf260bc000 JavaThread "http-nio-10000-exec-172" daemon [_thread_blocked, id=158723, stack(0x000070001f511000,0x000070001f611000)]
  0x00007faf24351800 JavaThread "http-nio-10000-exec-171" daemon [_thread_blocked, id=158979, stack(0x000070001f40e000,0x000070001f50e000)]
  0x00007fafa42cb000 JavaThread "http-nio-10000-exec-170" daemon [_thread_blocked, id=147971, stack(0x000070001f30b000,0x000070001f40b000)]
  0x00007fafa42ca000 JavaThread "http-nio-10000-exec-169" daemon [_thread_blocked, id=159747, stack(0x000070001f208000,0x000070001f308000)]
  0x00007faf260bb000 JavaThread "http-nio-10000-exec-168" daemon [_thread_blocked, id=160003, stack(0x000070001f105000,0x000070001f205000)]
  0x00007faf260b1800 JavaThread "http-nio-10000-exec-167" daemon [_thread_blocked, id=160515, stack(0x000070001f002000,0x000070001f102000)]
  0x00007fafc70af800 JavaThread "http-nio-10000-exec-166" daemon [_thread_blocked, id=161027, stack(0x000070001eeff000,0x000070001efff000)]
  0x00007faf26bce800 JavaThread "http-nio-10000-exec-165" daemon [_thread_blocked, id=147459, stack(0x000070001edfc000,0x000070001eefc000)]
  0x00007fafb4a0d800 JavaThread "http-nio-10000-exec-164" daemon [_thread_blocked, id=146947, stack(0x000070001ecf9000,0x000070001edf9000)]
  0x00007fafb51db000 JavaThread "http-nio-10000-exec-163" daemon [_thread_blocked, id=161539, stack(0x000070001ebf6000,0x000070001ecf6000)]
  0x00007fafb7a32800 JavaThread "http-nio-10000-exec-162" daemon [_thread_blocked, id=162051, stack(0x000070001eaf3000,0x000070001ebf3000)]
  0x00007fafc70ae800 JavaThread "http-nio-10000-exec-161" daemon [_thread_blocked, id=146435, stack(0x000070001e9f0000,0x000070001eaf0000)]
  0x00007fafc026d000 JavaThread "http-nio-10000-exec-160" daemon [_thread_blocked, id=162563, stack(0x000070001e8ed000,0x000070001e9ed000)]
  0x00007faf269e9800 JavaThread "http-nio-10000-exec-159" daemon [_thread_blocked, id=145667, stack(0x000070001e7ea000,0x000070001e8ea000)]
  0x00007fafb51d7800 JavaThread "http-nio-10000-exec-158" daemon [_thread_blocked, id=145411, stack(0x000070001e6e7000,0x000070001e7e7000)]
  0x00007fafb7317000 JavaThread "http-nio-10000-exec-157" daemon [_thread_blocked, id=144899, stack(0x000070001e5e4000,0x000070001e6e4000)]
  0x00007fafc026a000 JavaThread "http-nio-10000-exec-156" daemon [_thread_blocked, id=144643, stack(0x000070001e4e1000,0x000070001e5e1000)]
  0x00007faf2789e800 JavaThread "http-nio-10000-exec-155" daemon [_thread_blocked, id=144387, stack(0x000070001e3de000,0x000070001e4de000)]
  0x00007faf2789d800 JavaThread "http-nio-10000-exec-154" daemon [_thread_blocked, id=144131, stack(0x000070001e2db000,0x000070001e3db000)]
  0x00007faf258ae000 JavaThread "http-nio-10000-exec-153" daemon [_thread_blocked, id=164099, stack(0x000070001e1d8000,0x000070001e2d8000)]
  0x00007fafb51d6800 JavaThread "http-nio-10000-exec-152" daemon [_thread_blocked, id=143875, stack(0x000070001e0d5000,0x000070001e1d5000)]
  0x00007fafc6601800 JavaThread "http-nio-10000-exec-151" daemon [_thread_blocked, id=143363, stack(0x000070001dfd2000,0x000070001e0d2000)]
  0x00007fafc6601000 JavaThread "http-nio-10000-exec-150" daemon [_thread_blocked, id=164611, stack(0x000070001decf000,0x000070001dfcf000)]
  0x00007faf258ad000 JavaThread "http-nio-10000-exec-149" daemon [_thread_blocked, id=142595, stack(0x000070001ddcc000,0x000070001decc000)]
  0x00007fafb7a31800 JavaThread "http-nio-10000-exec-148" daemon [_thread_blocked, id=164867, stack(0x000070001dcc9000,0x000070001ddc9000)]
  0x00007fafb7a31000 JavaThread "http-nio-10000-exec-147" daemon [_thread_blocked, id=141827, stack(0x000070001dbc6000,0x000070001dcc6000)]
  0x00007fafb4974800 JavaThread "http-nio-10000-exec-146" daemon [_thread_blocked, id=141315, stack(0x000070001dac3000,0x000070001dbc3000)]
  0x00007fafb7a30000 JavaThread "http-nio-10000-exec-145" daemon [_thread_blocked, id=140803, stack(0x000070001d9c0000,0x000070001dac0000)]
  0x00007fafc4f68000 JavaThread "http-nio-10000-exec-144" daemon [_thread_blocked, id=165123, stack(0x000070001d8bd000,0x000070001d9bd000)]
  0x00007fafc70ac000 JavaThread "http-nio-10000-exec-143" daemon [_thread_blocked, id=140035, stack(0x000070001d7ba000,0x000070001d8ba000)]
  0x00007fafb5165800 JavaThread "http-nio-10000-exec-142" daemon [_thread_blocked, id=165379, stack(0x000070001d6b7000,0x000070001d7b7000)]
  0x00007fafc0269000 JavaThread "http-nio-10000-exec-141" daemon [_thread_blocked, id=139523, stack(0x000070001d5b4000,0x000070001d6b4000)]
  0x00007fafb5b81000 JavaThread "http-nio-10000-exec-140" daemon [_thread_blocked, id=165891, stack(0x000070001d4b1000,0x000070001d5b1000)]
  0x00007fafc4f67000 JavaThread "http-nio-10000-exec-139" daemon [_thread_blocked, id=139011, stack(0x000070001d3ae000,0x000070001d4ae000)]
  0x00007fafb5b80000 JavaThread "http-nio-10000-exec-138" daemon [_thread_blocked, id=138755, stack(0x000070001d2ab000,0x000070001d3ab000)]
  0x00007faf258ac800 JavaThread "http-nio-10000-exec-137" daemon [_thread_blocked, id=138243, stack(0x000070001d1a8000,0x000070001d2a8000)]
  0x00007fafb7a2e800 JavaThread "http-nio-10000-exec-136" daemon [_thread_blocked, id=166659, stack(0x000070001d0a5000,0x000070001d1a5000)]
  0x00007faf260ae800 JavaThread "http-nio-10000-exec-135" daemon [_thread_blocked, id=167171, stack(0x000070001cfa2000,0x000070001d0a2000)]
  0x00007fafa42c5000 JavaThread "http-nio-10000-exec-134" daemon [_thread_blocked, id=137731, stack(0x000070001ce9f000,0x000070001cf9f000)]
  0x00007faf258ab800 JavaThread "http-nio-10000-exec-133" daemon [_thread_blocked, id=167939, stack(0x000070001cd9c000,0x000070001ce9c000)]
  0x00007fafc5e21000 JavaThread "http-nio-10000-exec-132" daemon [_thread_blocked, id=168451, stack(0x000070001cc99000,0x000070001cd99000)]
  0x00007fafc5e20000 JavaThread "http-nio-10000-exec-131" daemon [_thread_blocked, id=168707, stack(0x000070001cb96000,0x000070001cc96000)]
  0x00007fafc70ab000 JavaThread "http-nio-10000-exec-130" daemon [_thread_blocked, id=136963, stack(0x000070001ca93000,0x000070001cb93000)]
  0x00007fafb7a2d800 JavaThread "http-nio-10000-exec-129" daemon [_thread_blocked, id=168963, stack(0x000070001c990000,0x000070001ca90000)]
  0x00007fafb5164800 JavaThread "http-nio-10000-exec-128" daemon [_thread_blocked, id=169219, stack(0x000070001c88d000,0x000070001c98d000)]
  0x00007fafc0268800 JavaThread "http-nio-10000-exec-127" daemon [_thread_blocked, id=169731, stack(0x000070001c78a000,0x000070001c88a000)]
  0x00007fafb7314000 JavaThread "http-nio-10000-exec-126" daemon [_thread_blocked, id=135939, stack(0x000070001c687000,0x000070001c787000)]
  0x00007fafb42e7000 JavaThread "http-nio-10000-exec-125" daemon [_thread_blocked, id=169987, stack(0x000070001c584000,0x000070001c684000)]
  0x00007faf268c6800 JavaThread "http-nio-10000-exec-124" daemon [_thread_blocked, id=170499, stack(0x000070001c481000,0x000070001c581000)]
  0x00007fafc7196000 JavaThread "http-nio-10000-exec-123" daemon [_thread_blocked, id=171011, stack(0x000070001c37e000,0x000070001c47e000)]
  0x00007fafb7311800 JavaThread "http-nio-10000-exec-122" daemon [_thread_blocked, id=171523, stack(0x000070001c27b000,0x000070001c37b000)]
  0x00007fafc4f66800 JavaThread "http-nio-10000-exec-121" daemon [_thread_blocked, id=135427, stack(0x000070001c178000,0x000070001c278000)]
  0x00007fafc025f000 JavaThread "http-nio-10000-exec-120" daemon [_thread_blocked, id=134915, stack(0x000070001c075000,0x000070001c175000)]
  0x00007fafc5e1f000 JavaThread "http-nio-10000-exec-119" daemon [_thread_blocked, id=134403, stack(0x000070001bf72000,0x000070001c072000)]
  0x00007fafc5e1e800 JavaThread "http-nio-10000-exec-118" daemon [_thread_blocked, id=133891, stack(0x000070001be6f000,0x000070001bf6f000)]
  0x00007fafb710a800 JavaThread "http-nio-10000-exec-117" daemon [_thread_blocked, id=133379, stack(0x000070001bd6c000,0x000070001be6c000)]
  0x00007fafc65fc000 JavaThread "http-nio-10000-exec-116" daemon [_thread_blocked, id=133123, stack(0x000070001bc69000,0x000070001bd69000)]
  0x00007fafb51a0800 JavaThread "http-nio-10000-exec-115" daemon [_thread_blocked, id=132867, stack(0x000070001bb66000,0x000070001bc66000)]
  0x00007fafc5dc4800 JavaThread "http-nio-10000-exec-114" daemon [_thread_blocked, id=172547, stack(0x000070001ba63000,0x000070001bb63000)]
  0x00007fafb42e2000 JavaThread "http-nio-10000-exec-113" daemon [_thread_blocked, id=173059, stack(0x000070001b960000,0x000070001ba60000)]
  0x00007fafb5b7d000 JavaThread "http-nio-10000-exec-112" daemon [_thread_blocked, id=173315, stack(0x000070001b85d000,0x000070001b95d000)]
  0x00007fafc5dc3800 JavaThread "http-nio-10000-exec-111" daemon [_thread_blocked, id=173571, stack(0x000070001b75a000,0x000070001b85a000)]
  0x00007fafc025e000 JavaThread "http-nio-10000-exec-110" daemon [_thread_blocked, id=173827, stack(0x000070001b657000,0x000070001b757000)]
  0x00007fafc4f65800 JavaThread "http-nio-10000-exec-109" daemon [_thread_blocked, id=174083, stack(0x000070001b554000,0x000070001b654000)]
  0x00007faf258a4800 JavaThread "http-nio-10000-exec-108" daemon [_thread_blocked, id=174339, stack(0x000070001b451000,0x000070001b551000)]
  0x00007fafb497f000 JavaThread "http-nio-10000-exec-107" daemon [_thread_blocked, id=107523, stack(0x000070001b34e000,0x000070001b44e000)]
  0x00007fafb42e1000 JavaThread "http-nio-10000-exec-106" daemon [_thread_blocked, id=107267, stack(0x000070001b24b000,0x000070001b34b000)]
  0x00007faf27898800 JavaThread "http-nio-10000-exec-105" daemon [_thread_blocked, id=108291, stack(0x000070001b148000,0x000070001b248000)]
  0x00007faf270a7000 JavaThread "http-nio-10000-exec-104" daemon [_thread_blocked, id=107011, stack(0x000070001b045000,0x000070001b145000)]
  0x00007fafc43d2000 JavaThread "http-nio-10000-exec-103" daemon [_thread_blocked, id=108803, stack(0x000070001af42000,0x000070001b042000)]
  0x00007fafc658a800 JavaThread "http-nio-10000-exec-102" daemon [_thread_blocked, id=106243, stack(0x000070001ae3f000,0x000070001af3f000)]
  0x00007fafb497c800 JavaThread "http-nio-10000-exec-101" daemon [_thread_blocked, id=109315, stack(0x000070001ad3c000,0x000070001ae3c000)]
  0x00007fafa42b8800 JavaThread "http-nio-10000-exec-100" daemon [_thread_blocked, id=109827, stack(0x000070001ac39000,0x000070001ad39000)]
  0x00007fafb7a2b000 JavaThread "http-nio-10000-exec-99" daemon [_thread_blocked, id=110339, stack(0x000070001ab36000,0x000070001ac36000)]
  0x00007fafc57fe800 JavaThread "http-nio-10000-exec-98" daemon [_thread_blocked, id=110851, stack(0x000070001aa33000,0x000070001ab33000)]
  0x00007fafb497b800 JavaThread "http-nio-10000-exec-97" daemon [_thread_blocked, id=105987, stack(0x000070001a930000,0x000070001aa30000)]
  0x00007fafc4f5f000 JavaThread "http-nio-10000-exec-96" daemon [_thread_blocked, id=105475, stack(0x000070001a82d000,0x000070001a92d000)]
  0x00007fafb5b18800 JavaThread "http-nio-10000-exec-95" daemon [_thread_blocked, id=111363, stack(0x000070001a72a000,0x000070001a82a000)]
  0x00007fafc5e73800 JavaThread "http-nio-10000-exec-94" daemon [_thread_blocked, id=104963, stack(0x000070001a627000,0x000070001a727000)]
  0x00007fafc5996800 JavaThread "http-nio-10000-exec-93" daemon [_thread_blocked, id=104707, stack(0x000070001a524000,0x000070001a624000)]
  0x00007fafb529d800 JavaThread "http-nio-10000-exec-92" daemon [_thread_blocked, id=104195, stack(0x000070001a421000,0x000070001a521000)]
  0x00007fafb5b6d800 JavaThread "http-nio-10000-exec-91" daemon [_thread_blocked, id=103683, stack(0x000070001a31e000,0x000070001a41e000)]
  0x00007fafb52f1000 JavaThread "http-nio-10000-exec-90" daemon [_thread_blocked, id=103427, stack(0x000070001a21b000,0x000070001a31b000)]
  0x00007faf258a0800 JavaThread "http-nio-10000-exec-89" daemon [_thread_blocked, id=112387, stack(0x000070001a118000,0x000070001a218000)]
  0x00007fafb7303800 JavaThread "http-nio-10000-exec-88" daemon [_thread_blocked, id=102659, stack(0x000070001a015000,0x000070001a115000)]
  0x00007fafc5997800 JavaThread "http-nio-10000-exec-87" daemon [_thread_blocked, id=102147, stack(0x0000700019f12000,0x000070001a012000)]
  0x00007fafb42df800 JavaThread "http-nio-10000-exec-86" daemon [_thread_blocked, id=101891, stack(0x0000700019e0f000,0x0000700019f0f000)]
  0x00007faf2589f800 JavaThread "http-nio-10000-exec-85" daemon [_thread_blocked, id=112899, stack(0x0000700019d0c000,0x0000700019e0c000)]
  0x00007fafb5b17800 JavaThread "http-nio-10000-exec-84" daemon [_thread_blocked, id=113411, stack(0x0000700019c09000,0x0000700019d09000)]
  0x00007fafc6589800 JavaThread "http-nio-10000-exec-83" daemon [_thread_blocked, id=101379, stack(0x0000700019b06000,0x0000700019c06000)]
  0x00007faf2787c000 JavaThread "http-nio-10000-exec-82" daemon [_thread_blocked, id=114179, stack(0x0000700019a03000,0x0000700019b03000)]
  0x00007faf268c2800 JavaThread "http-nio-10000-exec-81" daemon [_thread_blocked, id=101123, stack(0x0000700019900000,0x0000700019a00000)]
  0x00007faf2787b000 JavaThread "http-nio-10000-exec-80" daemon [_thread_blocked, id=114691, stack(0x00007000197fd000,0x00007000198fd000)]
  0x00007fafc4f60000 JavaThread "http-nio-10000-exec-79" daemon [_thread_blocked, id=114947, stack(0x00007000196fa000,0x00007000197fa000)]
  0x00007fafc4c63800 JavaThread "http-nio-10000-exec-78" daemon [_thread_blocked, id=100099, stack(0x00007000195f7000,0x00007000196f7000)]
  0x00007fafb5b12800 JavaThread "http-nio-10000-exec-77" daemon [_thread_blocked, id=115459, stack(0x00007000194f4000,0x00007000195f4000)]
  0x00007faf270a6000 JavaThread "http-nio-10000-exec-76" daemon [_thread_blocked, id=99843, stack(0x00007000193f1000,0x00007000194f1000)]
  0x00007fafc5e77800 JavaThread "http-nio-10000-exec-75" daemon [_thread_blocked, id=115971, stack(0x00007000192ee000,0x00007000193ee000)]
  0x00007faf24344800 JavaThread "http-nio-10000-exec-74" daemon [_thread_blocked, id=116483, stack(0x00007000191eb000,0x00007000192eb000)]
  0x00007fafc025b800 JavaThread "http-nio-10000-exec-73" daemon [_thread_blocked, id=116995, stack(0x00007000190e8000,0x00007000191e8000)]
  0x00007fafb50f8000 JavaThread "http-nio-10000-exec-72" daemon [_thread_blocked, id=117507, stack(0x0000700018fe5000,0x00007000190e5000)]
  0x00007faf24213800 JavaThread "http-nio-10000-exec-71" daemon [_thread_blocked, id=99075, stack(0x0000700018ee2000,0x0000700018fe2000)]
  0x00007fafb42db800 JavaThread "http-nio-10000-exec-70" daemon [_thread_blocked, id=98819, stack(0x0000700018ddf000,0x0000700018edf000)]
  0x00007fafb5987800 JavaThread "http-nio-10000-exec-69" daemon [_thread_blocked, id=118275, stack(0x0000700018cdc000,0x0000700018ddc000)]
  0x00007fafb5987000 JavaThread "http-nio-10000-exec-68" daemon [_thread_blocked, id=98307, stack(0x0000700018bd9000,0x0000700018cd9000)]
  0x00007faf2787a000 JavaThread "http-nio-10000-exec-67" daemon [_thread_blocked, id=98051, stack(0x0000700018ad6000,0x0000700018bd6000)]
  0x00007fafc57fd800 JavaThread "http-nio-10000-exec-66" daemon [_thread_blocked, id=119043, stack(0x00007000189d3000,0x0000700018ad3000)]
  0x00007fafc4f5e000 JavaThread "http-nio-10000-exec-65" daemon [_thread_blocked, id=97539, stack(0x00007000188d0000,0x00007000189d0000)]
  0x00007fafc6352800 JavaThread "http-nio-10000-exec-64" daemon [_thread_blocked, id=97027, stack(0x00007000187cd000,0x00007000188cd000)]
  0x00007fafc59dc800 JavaThread "http-nio-10000-exec-63" daemon [_thread_blocked, id=119555, stack(0x00007000186ca000,0x00007000187ca000)]
  0x00007fafb42da800 JavaThread "http-nio-10000-exec-62" daemon [_thread_blocked, id=120067, stack(0x00007000185c7000,0x00007000186c7000)]
  0x00007fafc57fc800 JavaThread "http-nio-10000-exec-61" daemon [_thread_blocked, id=96515, stack(0x00007000184c4000,0x00007000185c4000)]
  0x00007fafb5926000 JavaThread "http-nio-10000-exec-60" daemon [_thread_blocked, id=120579, stack(0x00007000183c1000,0x00007000184c1000)]
  0x00007fafb7a22000 JavaThread "http-nio-10000-exec-59" daemon [_thread_blocked, id=120835, stack(0x00007000182be000,0x00007000183be000)]
  0x00007fafc57fb800 JavaThread "http-nio-10000-exec-58" daemon [_thread_blocked, id=121091, stack(0x00007000181bb000,0x00007000182bb000)]
  0x00007fafb797d000 JavaThread "http-nio-10000-exec-57" daemon [_thread_blocked, id=121347, stack(0x00007000180b8000,0x00007000181b8000)]
  0x00007fafc5593000 JavaThread "http-nio-10000-exec-56" daemon [_thread_blocked, id=121603, stack(0x0000700017fb5000,0x00007000180b5000)]
  0x00007fafb4972800 JavaThread "http-nio-10000-exec-55" daemon [_thread_blocked, id=122115, stack(0x0000700017eb2000,0x0000700017fb2000)]
  0x00007faf268bd800 JavaThread "http-nio-10000-exec-54" daemon [_thread_blocked, id=95235, stack(0x0000700017daf000,0x0000700017eaf000)]
  0x00007fafc4f57800 JavaThread "http-nio-10000-exec-53" daemon [_thread_blocked, id=94723, stack(0x0000700017cac000,0x0000700017dac000)]
  0x00007fafb7953800 JavaThread "http-nio-10000-exec-52" daemon [_thread_blocked, id=122883, stack(0x0000700017ba9000,0x0000700017ca9000)]
  0x00007fafa4256800 JavaThread "http-nio-10000-exec-51" daemon [_thread_blocked, id=94211, stack(0x0000700017aa6000,0x0000700017ba6000)]
  0x00007fafc4903800 JavaThread "http-nio-10000-exec-50" daemon [_thread_blocked, id=123139, stack(0x00007000179a3000,0x0000700017aa3000)]
  0x00007fafc0258800 JavaThread "http-nio-10000-exec-49" daemon [_thread_blocked, id=93443, stack(0x00007000178a0000,0x00007000179a0000)]
  0x00007fafc6351800 JavaThread "http-nio-10000-exec-48" daemon [_thread_blocked, id=93187, stack(0x000070001779d000,0x000070001789d000)]
  0x00007fafc6590800 JavaThread "http-nio-10000-exec-47" daemon [_thread_blocked, id=123651, stack(0x000070001769a000,0x000070001779a000)]
  0x00007faf268ba800 JavaThread "http-nio-10000-exec-46" daemon [_thread_blocked, id=124163, stack(0x0000700017597000,0x0000700017697000)]
  0x00007fafc01e0800 JavaThread "http-nio-10000-exec-45" daemon [_thread_blocked, id=92419, stack(0x0000700017494000,0x0000700017594000)]
  0x00007fafb4928800 JavaThread "http-nio-10000-exec-44" daemon [_thread_blocked, id=91907, stack(0x0000700017391000,0x0000700017491000)]
  0x00007fafc01e0000 JavaThread "http-nio-10000-exec-43" daemon [_thread_blocked, id=124419, stack(0x000070001728e000,0x000070001738e000)]
  0x00007fafb42d4000 JavaThread "http-nio-10000-exec-42" daemon [_thread_blocked, id=124931, stack(0x000070001718b000,0x000070001728b000)]
  0x00007fafc4902800 JavaThread "http-nio-10000-exec-41" daemon [_thread_blocked, id=125187, stack(0x0000700017088000,0x0000700017188000)]
  0x00007fafb4928000 JavaThread "http-nio-10000-exec-40" daemon [_thread_blocked, id=125443, stack(0x0000700016f85000,0x0000700017085000)]
  0x00007fafc7379000 JavaThread "http-nio-10000-exec-39" daemon [_thread_blocked, id=125699, stack(0x0000700016e82000,0x0000700016f82000)]
  0x00007fafc01dd000 JavaThread "http-nio-10000-exec-38" daemon [_thread_blocked, id=90627, stack(0x0000700016d7f000,0x0000700016e7f000)]
  0x00007fafc01c3000 JavaThread "http-nio-10000-exec-37" daemon [_thread_blocked, id=90371, stack(0x0000700016c7c000,0x0000700016d7c000)]
  0x00007faf261e3800 JavaThread "http-nio-10000-exec-36" daemon [_thread_blocked, id=126723, stack(0x0000700016b79000,0x0000700016c79000)]
  0x00007fafb51ca800 JavaThread "http-nio-10000-exec-35" daemon [_thread_blocked, id=127235, stack(0x0000700016a76000,0x0000700016b76000)]
  0x00007fafc01c2000 JavaThread "http-nio-10000-exec-34" daemon [_thread_blocked, id=90115, stack(0x0000700016973000,0x0000700016a73000)]
  0x00007fafb42d3800 JavaThread "http-nio-10000-exec-33" daemon [_thread_blocked, id=128003, stack(0x0000700016870000,0x0000700016970000)]
  0x00007fafc41d2000 JavaThread "http-nio-10000-exec-32" daemon [_thread_blocked, id=128515, stack(0x000070001676d000,0x000070001686d000)]
  0x00007fafc01c1000 JavaThread "http-nio-10000-exec-31" daemon [_thread_blocked, id=129027, stack(0x000070001666a000,0x000070001676a000)]
  0x00007fafc4902000 JavaThread "http-nio-10000-exec-30" daemon [_thread_blocked, id=89859, stack(0x0000700016567000,0x0000700016667000)]
  0x00007fafa422a800 JavaThread "http-nio-10000-exec-29" daemon [_thread_blocked, id=89347, stack(0x0000700016464000,0x0000700016564000)]
  0x00007fafb663c000 JavaThread "http-nio-10000-exec-28" daemon [_thread_blocked, id=129795, stack(0x0000700016361000,0x0000700016461000)]
  0x00007fafb51c8000 JavaThread "http-nio-10000-exec-27" daemon [_thread_blocked, id=130051, stack(0x000070001625e000,0x000070001635e000)]
  0x00007fafb71b3800 JavaThread "http-nio-10000-exec-26" daemon [_thread_blocked, id=88579, stack(0x000070001615b000,0x000070001625b000)]
  0x00007fafc558c000 JavaThread "http-nio-10000-exec-25" daemon [_thread_blocked, id=88067, stack(0x0000700016058000,0x0000700016158000)]
  0x00007fafb52b3800 JavaThread "http-nio-10000-exec-24" daemon [_thread_blocked, id=130563, stack(0x0000700015f55000,0x0000700016055000)]
  0x00007fafc48ce000 JavaThread "http-nio-10000-exec-23" daemon [_thread_blocked, id=87555, stack(0x0000700015e52000,0x0000700015f52000)]
  0x00007fafb42d0800 JavaThread "http-nio-10000-exec-22" daemon [_thread_blocked, id=87299, stack(0x0000700015d4f000,0x0000700015e4f000)]
  0x00007fafb7230000 JavaThread "http-nio-10000-exec-21" daemon [_thread_blocked, id=66051, stack(0x0000700015c4c000,0x0000700015d4c000)]
  0x00007fafc5409800 JavaThread "http-nio-10000-exec-20" daemon [_thread_blocked, id=66307, stack(0x0000700015b49000,0x0000700015c49000)]
  0x00007fafc01c0000 JavaThread "http-nio-10000-exec-19" daemon [_thread_blocked, id=65283, stack(0x0000700015a46000,0x0000700015b46000)]
  0x00007fafb663b000 JavaThread "http-nio-10000-exec-18" daemon [_thread_blocked, id=67075, stack(0x0000700015943000,0x0000700015a43000)]
  0x00007fafc0197800 JavaThread "http-nio-10000-exec-17" daemon [_thread_blocked, id=67587, stack(0x0000700015840000,0x0000700015940000)]
  0x00007fafb5aab800 JavaThread "http-nio-10000-exec-16" daemon [_thread_blocked, id=68099, stack(0x000070001573d000,0x000070001583d000)]
  0x00007fafb4895800 JavaThread "http-nio-10000-exec-15" daemon [_thread_blocked, id=68355, stack(0x000070001563a000,0x000070001573a000)]
  0x00007faf2687f800 JavaThread "http-nio-10000-exec-14" daemon [_thread_blocked, id=68867, stack(0x0000700015537000,0x0000700015637000)]
  0x00007fafc676a800 JavaThread "http-nio-10000-exec-13" daemon [_thread_blocked, id=69379, stack(0x0000700015434000,0x0000700015534000)]
  0x00007fafc5409000 JavaThread "http-nio-10000-exec-12" daemon [_thread_blocked, id=16395, stack(0x0000700015331000,0x0000700015431000)]
  0x00007fafc56a0000 JavaThread "http-nio-10000-exec-11" daemon [_thread_blocked, id=64523, stack(0x000070001522e000,0x000070001532e000)]
  0x00007fafc577f800 JavaThread "com.alibaba.nacos.client.Worker.longPolling.fixed-127.0.0.1_8848-a429de1c-9118-4d2f-abe0-aa0fe4c88c05" daemon [_thread_blocked, id=70147, stack(0x000070001512b000,0x000070001522b000)]
  0x00007fafc573c000 JavaThread "com.alibaba.nacos.client.Worker.longPolling.fixed-127.0.0.1_8848-a429de1c-9118-4d2f-abe0-aa0fe4c88c05" daemon [_thread_blocked, id=64259, stack(0x0000700015028000,0x0000700015128000)]
  0x00007fafc6513000 JavaThread "com.alibaba.nacos.client.Worker.longPolling.fixed-127.0.0.1_8848-a429de1c-9118-4d2f-abe0-aa0fe4c88c05" daemon [_thread_blocked, id=64003, stack(0x0000700014f25000,0x0000700015025000)]
  0x00007fafc42f0800 JavaThread "com.alibaba.nacos.client.Worker.longPolling.fixed-127.0.0.1_8848-a429de1c-9118-4d2f-abe0-aa0fe4c88c05" daemon [_thread_blocked, id=46087, stack(0x0000700014e22000,0x0000700014f22000)]
  0x00007fafb6b99800 JavaThread "com.alibaba.nacos.client.Worker.longPolling.fixed-127.0.0.1_8848-a429de1c-9118-4d2f-abe0-aa0fe4c88c05" daemon [_thread_blocked, id=30987, stack(0x0000700010d62000,0x0000700010e62000)]
  0x00007fafc40b3000 JavaThread "com.alibaba.nacos.client.Worker.longPolling.fixed-127.0.0.1_8848-a429de1c-9118-4d2f-abe0-aa0fe4c88c05" daemon [_thread_blocked, id=32799, stack(0x0000700010956000,0x0000700010a56000)]
  0x00007fafc52de800 JavaThread "com.alibaba.nacos.client.Worker.longPolling.fixed-127.0.0.1_8848-a429de1c-9118-4d2f-abe0-aa0fe4c88c05" daemon [_thread_blocked, id=87047, stack(0x00007000105a0000,0x00007000106a0000)]
  0x00007fafc4df6800 JavaThread "com.alibaba.nacos.client.Worker.longPolling.fixed-127.0.0.1_8848-a429de1c-9118-4d2f-abe0-aa0fe4c88c05" daemon [_thread_blocked, id=30731, stack(0x000070001039a000,0x000070001049a000)]
  0x00007fafc61d9800 JavaThread "com.alibaba.nacos.client.Worker.longPolling.fixed-127.0.0.1_8848-a429de1c-9118-4d2f-abe0-aa0fe4c88c05" daemon [_thread_blocked, id=29963, stack(0x000070001049d000,0x000070001059d000)]
  0x00007fafc4dae800 JavaThread "com.alibaba.nacos.client.Worker.longPolling.fixed-127.0.0.1_8848-a429de1c-9118-4d2f-abe0-aa0fe4c88c05" daemon [_thread_blocked, id=45063, stack(0x0000700010297000,0x0000700010397000)]
  0x00007faf240f7000 JavaThread "com.alibaba.nacos.client.Worker.longPolling.fixed-127.0.0.1_8848-a429de1c-9118-4d2f-abe0-aa0fe4c88c05" daemon [_thread_blocked, id=35867, stack(0x0000700010194000,0x0000700010294000)]
  0x00007fafb654c000 JavaThread "com.alibaba.nacos.client.Worker.longPolling.fixed-127.0.0.1_8848-a429de1c-9118-4d2f-abe0-aa0fe4c88c05" daemon [_thread_blocked, id=45831, stack(0x0000700010b5c000,0x0000700010c5c000)]
  0x00007fafb6753000 JavaThread "com.alibaba.nacos.client.Worker.longPolling.fixed-127.0.0.1_8848-a429de1c-9118-4d2f-abe0-aa0fe4c88c05" daemon [_thread_blocked, id=46343, stack(0x0000700010c5f000,0x0000700010d5f000)]
  0x00007fafc4896800 JavaThread "com.alibaba.nacos.naming.beat.sender" daemon [_thread_blocked, id=71687, stack(0x0000700014b19000,0x0000700014c19000)]
  0x00007faf2404e800 JavaThread "com.alibaba.nacos.naming.beat.sender" daemon [_thread_blocked, id=63491, stack(0x0000700014d1f000,0x0000700014e1f000)]
  0x00007fafc7083800 JavaThread "com.alibaba.nacos.client.Worker.longPolling.fixed-127.0.0.1_8848-a429de1c-9118-4d2f-abe0-aa0fe4c88c05" daemon [_thread_blocked, id=71171, stack(0x0000700014c1c000,0x0000700014d1c000)]
  0x00007fafc6465000 JavaThread "HikariPool-1 housekeeper" daemon [_thread_blocked, id=71939, stack(0x0000700014a16000,0x0000700014b16000)]
  0x00007fafc5e16800 JavaThread "com.alibaba.nacos.naming.beat.sender" daemon [_thread_blocked, id=30475, stack(0x0000700010853000,0x0000700010953000)]
  0x00007fafb6647000 JavaThread "com.alibaba.nacos.naming.beat.sender" daemon [_thread_blocked, id=62979, stack(0x0000700014913000,0x0000700014a13000)]
  0x00007fafc4217000 JavaThread "com.alibaba.nacos.naming.beat.sender" daemon [_thread_blocked, id=44551, stack(0x0000700014507000,0x0000700014607000)]
  0x00007fafc70b9000 JavaThread "com.alibaba.nacos.naming.beat.sender" daemon [_thread_blocked, id=62723, stack(0x0000700014810000,0x0000700014910000)]
  0x00007fafb6639000 JavaThread "com.alibaba.nacos.naming.beat.sender" daemon [_thread_blocked, id=45575, stack(0x0000700010a59000,0x0000700010b59000)]
  0x00007fafc5f99000 JavaThread "com.alibaba.nacos.client.Worker.longPolling.fixed-127.0.0.1_8848-a429de1c-9118-4d2f-abe0-aa0fe4c88c05" daemon [_thread_blocked, id=72963, stack(0x000070001470d000,0x000070001480d000)]
  0x00007fafb437c800 JavaThread "com.alibaba.nacos.client.Worker.longPolling.fixed-127.0.0.1_8848-a429de1c-9118-4d2f-abe0-aa0fe4c88c05" daemon [_thread_blocked, id=73219, stack(0x000070001460a000,0x000070001470a000)]
  0x00007fafb72ea000 JavaThread "DestroyJavaVM" [_thread_blocked, id=5891, stack(0x000070000c790000,0x000070000c890000)]
  0x00007fafb6d98800 JavaThread "com.alibaba.nacos.naming.beat.sender" daemon [_thread_blocked, id=61699, stack(0x0000700014404000,0x0000700014504000)]
  0x00007fafa4294000 JavaThread "http-nio-10000-Acceptor" daemon [_thread_in_native, id=61443, stack(0x0000700014301000,0x0000700014401000)]
  0x00007fafc47fd000 JavaThread "http-nio-10000-ClientPoller" daemon [_thread_blocked, id=74243, stack(0x00007000141fe000,0x00007000142fe000)]
  0x00007fafb4a17800 JavaThread "http-nio-10000-exec-10" daemon [_thread_blocked, id=74755, stack(0x00007000140fb000,0x00007000141fb000)]
  0x00007fafb7b21800 JavaThread "http-nio-10000-exec-9" daemon [_thread_blocked, id=75011, stack(0x0000700013ff8000,0x00007000140f8000)]
  0x00007fafb72dd000 JavaThread "http-nio-10000-exec-8" daemon [_thread_blocked, id=75267, stack(0x0000700013ef5000,0x0000700013ff5000)]
  0x00007fafb670d800 JavaThread "http-nio-10000-exec-7" daemon [_thread_blocked, id=75523, stack(0x0000700013df2000,0x0000700013ef2000)]
  0x00007fafc64c1800 JavaThread "http-nio-10000-exec-6" daemon [_thread_blocked, id=75779, stack(0x0000700013cef000,0x0000700013def000)]
  0x00007fafb7b20800 JavaThread "http-nio-10000-exec-5" daemon [_thread_blocked, id=76291, stack(0x0000700013bec000,0x0000700013cec000)]
  0x00007fafc574b000 JavaThread "http-nio-10000-exec-4" daemon [_thread_blocked, id=59907, stack(0x0000700013ae9000,0x0000700013be9000)]
  0x00007fafb7b20000 JavaThread "http-nio-10000-exec-3" daemon [_thread_blocked, id=59395, stack(0x00007000139e6000,0x0000700013ae6000)]
  0x00007fafc0238800 JavaThread "http-nio-10000-exec-2" daemon [_thread_blocked, id=59139, stack(0x00007000138e3000,0x00007000139e3000)]
  0x00007faf240d9800 JavaThread "http-nio-10000-exec-1" daemon [_thread_blocked, id=76803, stack(0x00007000137e0000,0x00007000138e0000)]
  0x00007fafc64bf800 JavaThread "http-nio-10000-BlockPoller" daemon [_thread_in_native, id=58371, stack(0x00007000136dd000,0x00007000137dd000)]
  0x00007fafb6707000 JavaThread "Nacso-Watch-Task-Scheduler-1" [_thread_blocked, id=77315, stack(0x00007000135da000,0x00007000136da000)]
=>0x00007fafb4a00000 JavaThread "File Watcher" daemon [_thread_in_vm, id=77827, stack(0x00007000134d7000,0x00007000135d7000)]
  0x00007fafc5f2c000 JavaThread "com.alibaba.nacos.naming.push.receiver" daemon [_thread_in_native, id=78339, stack(0x00007000133d4000,0x00007000134d4000)]
  0x00007fafc47f6000 JavaThread "com.alibaba.nacos.naming.failover" daemon [_thread_blocked, id=58115, stack(0x00007000132d1000,0x00007000133d1000)]
  0x00007fafc5f26000 JavaThread "com.alibaba.nacos.naming.client.listener" daemon [_thread_blocked, id=78851, stack(0x00007000131ce000,0x00007000132ce000)]
  0x00007fafb72da800 JavaThread "spring.cloud.inetutils" daemon [_thread_blocked, id=79107, stack(0x00007000130cb000,0x00007000131cb000)]
  0x00007fafb7aff000 JavaThread "Live Reload Server" daemon [_thread_in_native, id=57095, stack(0x0000700012fc8000,0x00007000130c8000)]
  0x00007fafb7972000 JavaThread "redisson-netty-2-32" [_thread_in_native, id=79363, stack(0x0000700012ec5000,0x0000700012fc5000)]
  0x00007fafa4267800 JavaThread "redisson-netty-2-31" [_thread_in_native, id=56323, stack(0x0000700012dc2000,0x0000700012ec2000)]
  0x00007fafb49c7800 JavaThread "redisson-netty-2-30" [_thread_in_native, id=79619, stack(0x0000700012cbf000,0x0000700012dbf000)]
  0x00007fafc531c800 JavaThread "redisson-netty-2-29" [_thread_in_native, id=55811, stack(0x0000700012bbc000,0x0000700012cbc000)]
  0x00007fafc6486000 JavaThread "redisson-netty-2-28" [_thread_in_native, id=80131, stack(0x0000700012ab9000,0x0000700012bb9000)]
  0x00007fafc524f000 JavaThread "redisson-netty-2-27" [_thread_in_native, id=55299, stack(0x00007000129b6000,0x0000700012ab6000)]
  0x00007fafb7971000 JavaThread "redisson-netty-2-26" [_thread_in_native, id=54787, stack(0x00007000128b3000,0x00007000129b3000)]
  0x00007fafc0188000 JavaThread "redisson-netty-2-25" [_thread_in_native, id=54531, stack(0x00007000127b0000,0x00007000128b0000)]
  0x00007fafc5e54800 JavaThread "redisson-netty-2-24" [_thread_in_native, id=81155, stack(0x00007000126ad000,0x00007000127ad000)]
  0x00007fafb5a4d800 JavaThread "redisson-netty-2-14" [_thread_in_native, id=81411, stack(0x00007000125aa000,0x00007000126aa000)]
  0x00007fafb7812000 JavaThread "redisson-netty-2-22" [_thread_in_native, id=81923, stack(0x00007000124a7000,0x00007000125a7000)]
  0x00007fafc6413800 JavaThread "redisson-netty-2-23" [_thread_in_native, id=53763, stack(0x00007000123a4000,0x00007000124a4000)]
  0x00007fafc46af000 JavaThread "redisson-netty-2-21" [_thread_in_native, id=53251, stack(0x00007000122a1000,0x00007000123a1000)]
  0x00007fafc4d18000 JavaThread "redisson-netty-2-18" [_thread_in_native, id=82435, stack(0x000070001219e000,0x000070001229e000)]
  0x00007fafc4913800 JavaThread "redisson-netty-2-17" [_thread_in_native, id=82691, stack(0x000070001209b000,0x000070001219b000)]
  0x00007fafc4911000 JavaThread "redisson-netty-2-15" [_thread_in_native, id=83203, stack(0x0000700011f98000,0x0000700012098000)]
  0x00007fafa4266000 JavaThread "redisson-netty-2-16" [_thread_in_native, id=52739, stack(0x0000700011e95000,0x0000700011f95000)]
  0x00007fafb68fd000 JavaThread "redisson-netty-2-19" [_thread_in_native, id=52483, stack(0x0000700011d92000,0x0000700011e92000)]
  0x00007fafb7277000 JavaThread "redisson-netty-2-20" [_thread_blocked, id=51971, stack(0x0000700011c8f000,0x0000700011d8f000)]
  0x00007fafc724f000 JavaThread "redisson-netty-2-13" [_thread_in_native, id=51459, stack(0x0000700011b8c000,0x0000700011c8c000)]
  0x00007fafb5a46800 JavaThread "redisson-timer-4-1" [_thread_blocked, id=50947, stack(0x0000700011a89000,0x0000700011b89000)]
  0x00007fafb6ed0800 JavaThread "redisson-netty-2-12" [_thread_in_native, id=50435, stack(0x0000700011986000,0x0000700011a86000)]
  0x00007fafc5e51800 JavaThread "redisson-netty-2-11" [_thread_in_native, id=49923, stack(0x0000700011883000,0x0000700011983000)]
  0x00007fafc6418800 JavaThread "redisson-netty-2-10" [_thread_in_native, id=49411, stack(0x0000700011780000,0x0000700011880000)]
  0x00007fafb6eb7000 JavaThread "redisson-netty-2-9" [_thread_in_native, id=83971, stack(0x000070001167d000,0x000070001177d000)]
  0x00007fafc4d05800 JavaThread "redisson-netty-2-8" [_thread_in_native, id=48643, stack(0x000070001157a000,0x000070001167a000)]
  0x00007fafc5ef0000 JavaThread "redisson-netty-2-7" [_thread_in_native, id=84483, stack(0x0000700011477000,0x0000700011577000)]
  0x00007fafc5e4e800 JavaThread "redisson-netty-2-6" [_thread_in_native, id=48387, stack(0x0000700011374000,0x0000700011474000)]
  0x00007fafb49c4000 JavaThread "redisson-netty-2-5" [_thread_in_native, id=84995, stack(0x0000700011271000,0x0000700011371000)]
  0x00007fafc01ab800 JavaThread "redisson-netty-2-4" [_thread_in_native, id=85507, stack(0x000070001116e000,0x000070001126e000)]
  0x00007fafb522e800 JavaThread "redisson-netty-2-3" [_thread_in_native, id=47875, stack(0x000070001106b000,0x000070001116b000)]
  0x00007fafc5ee5000 JavaThread "redisson-netty-2-2" [_thread_in_native, id=47363, stack(0x0000700010f68000,0x0000700011068000)]
  0x00007fafc4793800 JavaThread "redisson-netty-2-1" [_thread_blocked, id=46851, stack(0x0000700010e65000,0x0000700010f65000)]
  0x00007fafb422c000 JavaThread "mysql-cj-abandoned-connection-cleanup" daemon [_thread_blocked, id=31515, stack(0x0000700010091000,0x0000700010191000)]
  0x00007fafc76a5800 JavaThread "container-0" [_thread_blocked, id=33059, stack(0x000070000fd88000,0x000070000fe88000)]
  0x00007fafc4880000 JavaThread "Catalina-utility-2" [_thread_blocked, id=16143, stack(0x000070000fc5a000,0x000070000fd5a000)]
  0x00007fafb71fb800 JavaThread "Catalina-utility-1" [_thread_blocked, id=25867, stack(0x000070000f51a000,0x000070000f61a000)]
  0x00007fafb517e800 JavaThread "com.alibaba.nacos.client.Worker.fixed-127.0.0.1_8848-a429de1c-9118-4d2f-abe0-aa0fe4c88c05" daemon [_thread_blocked, id=27403, stack(0x000070000fb57000,0x000070000fc57000)]
  0x00007fafb63f6000 JavaThread "Timer-0" daemon [_thread_blocked, id=33547, stack(0x000070000fa54000,0x000070000fb54000)]
  0x00007fafc49e4000 JavaThread "rebel-IDENotificationsImpl-PostCycle" daemon [_thread_blocked, id=28423, stack(0x000070000ff8e000,0x000070001008e000)]
  0x00007fafc5af8800 JavaThread "rebel-messaging-executor-82" daemon [_thread_blocked, id=33803, stack(0x000070000fe8b000,0x000070000ff8b000)]
  0x00007fafb61c5000 JavaThread "pool-3-thread-1" daemon [_thread_blocked, id=26119, stack(0x000070000f417000,0x000070000f517000)]
  0x00007fafc5a0b000 JavaThread "rebel-change-detector-thread" daemon [_thread_blocked, id=37639, stack(0x000070000f314000,0x000070000f414000)]
  0x00007fafb705a000 JavaThread "rebel-debugger-thread" daemon [_thread_blocked, id=35079, stack(0x000070000f211000,0x000070000f311000)]
  0x00007fafc00e3800 JavaThread "rebel-debugger-attach-notifier" daemon [_thread_blocked, id=35335, stack(0x000070000f10e000,0x000070000f20e000)]
  0x00007fafc00e1000 JavaThread "rebel-heartbeat-thread" daemon [_thread_blocked, id=36615, stack(0x000070000f00b000,0x000070000f10b000)]
  0x00007fafa409f800 JavaThread "rebel-redeploy-thread" daemon [_thread_blocked, id=25095, stack(0x000070000ef08000,0x000070000f008000)]
  0x00007fafb58e0000 JavaThread "rebel-leaseManager-1" daemon [_thread_blocked, id=36871, stack(0x000070000ed02000,0x000070000ee02000)]
  0x00007fafb68b7800 JavaThread "rebel-weak-reaper" daemon [_thread_blocked, id=25351, stack(0x000070000ebff000,0x000070000ecff000)]
  0x00007fafb6160000 JavaThread "rebel-fsnotify-OutputReader" daemon [_thread_in_native, id=43783, stack(0x000070000f951000,0x000070000fa51000)]
  0x00007fafc48d3000 JavaThread "rebel-fsnotify-OutputReader" daemon [_thread_blocked, id=43527, stack(0x000070000f84e000,0x000070000f94e000)]
  0x00007fafc4937800 JavaThread "rebel-fsnotify-ShutdownOnTermination" daemon [_thread_blocked, id=32007, stack(0x000070000f74b000,0x000070000f84b000)]
  0x00007fafc493f800 JavaThread "process reaper" daemon [_thread_in_native, id=27911, stack(0x000070000f720000,0x000070000f748000)]
  0x00007fafb404c800 JavaThread "rebel-logger" daemon [_thread_blocked, id=44035, stack(0x0000700010750000,0x0000700010850000)]
  0x00007fafb5819000 JavaThread "rebel-CacheKeepAlive" daemon [_thread_blocked, id=34307, stack(0x000070000f61d000,0x000070000f71d000)]
  0x00007fafc5135000 JavaThread "Service Thread" daemon [_thread_blocked, id=38403, stack(0x000070000e9f9000,0x000070000eaf9000)]
  0x00007fafc5132000 JavaThread "C1 CompilerThread11" daemon [_thread_blocked, id=38915, stack(0x000070000e8f6000,0x000070000e9f6000)]
  0x00007fafb681e800 JavaThread "C1 CompilerThread10" daemon [_thread_blocked, id=39427, stack(0x000070000e7f3000,0x000070000e8f3000)]
  0x00007fafb681d800 JavaThread "C1 CompilerThread9" daemon [_thread_blocked, id=24067, stack(0x000070000e6f0000,0x000070000e7f0000)]
  0x00007fafb681c800 JavaThread "C1 CompilerThread8" daemon [_thread_blocked, id=39939, stack(0x000070000e5ed000,0x000070000e6ed000)]
  0x00007fafb681c000 JavaThread "C2 CompilerThread7" daemon [_thread_blocked, id=40451, stack(0x000070000e4ea000,0x000070000e5ea000)]
  0x00007fafb681b000 JavaThread "C2 CompilerThread6" daemon [_thread_blocked, id=40707, stack(0x000070000e3e7000,0x000070000e4e7000)]
  0x00007fafb681a000 JavaThread "C2 CompilerThread5" daemon [_thread_blocked, id=23299, stack(0x000070000e2e4000,0x000070000e3e4000)]
  0x00007fafb6818800 JavaThread "C2 CompilerThread4" daemon [_thread_blocked, id=23043, stack(0x000070000e1e1000,0x000070000e2e1000)]
  0x00007fafb6817800 JavaThread "C2 CompilerThread3" daemon [_thread_blocked, id=41731, stack(0x000070000e0de000,0x000070000e1de000)]
  0x00007fafb6816800 JavaThread "C2 CompilerThread2" daemon [_thread_blocked, id=42243, stack(0x000070000dfdb000,0x000070000e0db000)]
  0x00007fafb6816000 JavaThread "C2 CompilerThread1" daemon [_thread_blocked, id=22531, stack(0x000070000ded8000,0x000070000dfd8000)]
  0x00007fafb6809000 JavaThread "C2 CompilerThread0" daemon [_thread_blocked, id=22275, stack(0x000070000ddd5000,0x000070000ded5000)]
  0x00007fafc0019000 JavaThread "JDWP Command Reader" daemon [_thread_in_native, id=22019, stack(0x000070000dcd2000,0x000070000ddd2000)]
  0x00007fafb680d000 JavaThread "JDWP Event Helper Thread" daemon [_thread_blocked, id=43267, stack(0x000070000dbcf000,0x000070000dccf000)]
  0x00007fafb680c000 JavaThread "JDWP Transport Listener: dt_socket" daemon [_thread_blocked, id=14855, stack(0x000070000dacc000,0x000070000dbcc000)]
  0x00007fafb7808800 JavaThread "Signal Dispatcher" daemon [_thread_blocked, id=15363, stack(0x000070000d9c9000,0x000070000dac9000)]
  0x00007fafb601e000 JavaThread "Finalizer" daemon [_thread_blocked, id=13827, stack(0x000070000d7c0000,0x000070000d8c0000)]
  0x00007fafa400a000 JavaThread "Reference Handler" daemon [_thread_blocked, id=13315, stack(0x000070000d6bd000,0x000070000d7bd000)]

Other Threads:
  0x00007fafc4023000 VMThread [stack: 0x000070000d5ba000,0x000070000d6ba000] [id=18179]
  0x00007fafc5135800 WatcherThread [stack: 0x000070000eafc000,0x000070000ebfc000] [id=38147]

VM state:synchronizing (normal execution)

VM Mutex/Monitor currently owned by a thread:  ([mutex/lock_event])
[0x0000600000769200] Threads_lock - owner thread: 0x00007fafc4023000
[0x0000600000769700] Heap_lock - owner thread: 0x00007fafb72dd000

OutOfMemory and StackOverflow Exception counts:
OutOfMemoryError java_heap_errors=169

heap address: 0x00000007b9c00000, size: 100 MB, Compressed Oops mode: Zero based, Oop shift amount: 3
Narrow klass base: 0x0000000000000000, Narrow klass shift: 3
Compressed class space size: 1073741824 Address: 0x00000007c0000000

Heap:
 PSYoungGen      total 26624K, used 23551K [0x00000007bdf00000, 0x00000007c0000000, 0x00000007c0000000)
  eden space 23552K, 99% used [0x00000007bdf00000,0x00000007bf5ffff0,0x00000007bf600000)
  from space 3072K, 0% used [0x00000007bfc80000,0x00000007bfc80000,0x00000007bff80000)
  to   space 5120K, 0% used [0x00000007bf600000,0x00000007bf600000,0x00000007bfb00000)
 ParOldGen       total 68608K, used 68607K [0x00000007b9c00000, 0x00000007bdf00000, 0x00000007bdf00000)
  object space 68608K, 99% used [0x00000007b9c00000,0x00000007bdeffff0,0x00000007bdf00000)
 Metaspace       used 95497K, capacity 99824K, committed 100372K, reserved 1136640K
  class space    used 11531K, capacity 12182K, committed 12308K, reserved 1048576K

Card table byte_map: [0x000000010ccae000,0x000000010cce1000] byte_map_base: 0x0000000108ee0000

Marking Bits: (ParMarkBitMap*) 0x00000001127abe68
 Begin Bits: [0x000000010cd03000, 0x000000010ce93000)
 End Bits:   [0x000000010ce93000, 0x000000010d023000)

Polling page: 0x000000010c76d000

CodeCache: size=245760Kb used=30851Kb max_used=30851Kb free=214909Kb
 bounds [0x0000000112ec6000, 0x0000000114cf6000, 0x0000000121ec6000]
 total_blobs=18127 nmethods=17418 adapters=624
 compilation: enabled

Compilation events (10 events):
Event: 1829.981 Thread 0x00007fafc5132000 18226       1       java.util.WeakHashMap$EntrySet::iterator (17 bytes)
Event: 1829.981 Thread 0x00007fafb681c800 18227       1       java.util.WeakHashMap$EntrySet::_jr$ig$this$0 (8 bytes)
Event: 1830.072 Thread 0x00007fafb681c800 nmethod 18227 0x0000000114cee5d0 code [0x0000000114cee720, 0x0000000114cee850]
Event: 1830.159 Thread 0x00007fafc5132000 nmethod 18226 0x0000000114cee910 code [0x0000000114ceea80, 0x0000000114ceec48]
Event: 1830.159 Thread 0x00007fafc5132000 18228       1       java.util.WeakHashMap$EntryIterator::<init> (6 bytes)
Event: 1830.439 Thread 0x00007fafb681e800 nmethod 18225 0x0000000114ceed10 code [0x0000000114ceee80, 0x0000000114cef048]
Event: 1830.439 Thread 0x00007fafb681e800 18229       1       java.util.WeakHashMap$EntryIterator::<init> (11 bytes)
Event: 1830.439 Thread 0x00007fafc5132000 nmethod 18228 0x0000000114cef190 code [0x0000000114cef300, 0x0000000114cef468]
Event: 1830.840 Thread 0x00007fafb681e800 nmethod 18229 0x0000000114cef510 code [0x0000000114cef680, 0x0000000114cef7e8]
Event: 1831.403 Thread 0x00007fafb681d800 nmethod 18224 0x0000000114cef850 code [0x0000000114cefa00, 0x0000000114cf0028]

GC Heap History (10 events):
Event: 1834.049 GC heap before
{Heap before GC invocations=1079 (full 696):
 PSYoungGen      total 26624K, used 23551K [0x00000007bdf00000, 0x00000007c0000000, 0x00000007c0000000)
  eden space 23552K, 99% used [0x00000007bdf00000,0x00000007bf5ffff0,0x00000007bf600000)
  from space 3072K, 0% used [0x00000007bfc80000,0x00000007bfc80000,0x00000007bff80000)
  to   space 5120K, 0% used [0x00000007bf600000,0x00000007bf600000,0x00000007bfb00000)
 ParOldGen       total 68608K, used 68607K [0x00000007b9c00000, 0x00000007bdf00000, 0x00000007bdf00000)
  object space 68608K, 99% used [0x00000007b9c00000,0x00000007bdefff80,0x00000007bdf00000)
 Metaspace       used 95497K, capacity 99824K, committed 100372K, reserved 1136640K
  class space    used 11531K, capacity 12182K, committed 12308K, reserved 1048576K
Event: 1834.144 GC heap after
Heap after GC invocations=1079 (full 696):
 PSYoungGen      total 26624K, used 23551K [0x00000007bdf00000, 0x00000007c0000000, 0x00000007c0000000)
  eden space 23552K, 99% used [0x00000007bdf00000,0x00000007bf5ffff0,0x00000007bf600000)
  from space 3072K, 0% used [0x00000007bfc80000,0x00000007bfc80000,0x00000007bff80000)
  to   space 5120K, 0% used [0x00000007bf600000,0x00000007bf600000,0x00000007bfb00000)
 ParOldGen       total 68608K, used 68607K [0x00000007b9c00000, 0x00000007bdf00000, 0x00000007bdf00000)
  object space 68608K, 99% used [0x00000007b9c00000,0x00000007bdefff80,0x00000007bdf00000)
 Metaspace       used 95497K, capacity 99824K, committed 100372K, reserved 1136640K
  class space    used 11531K, capacity 12182K, committed 12308K, reserved 1048576K
}
Event: 1834.145 GC heap before
{Heap before GC invocations=1080 (full 697):
 PSYoungGen      total 26624K, used 23551K [0x00000007bdf00000, 0x00000007c0000000, 0x00000007c0000000)
  eden space 23552K, 99% used [0x00000007bdf00000,0x00000007bf5ffff0,0x00000007bf600000)
  from space 3072K, 0% used [0x00000007bfc80000,0x00000007bfc80000,0x00000007bff80000)
  to   space 5120K, 0% used [0x00000007bf600000,0x00000007bf600000,0x00000007bfb00000)
 ParOldGen       total 68608K, used 68607K [0x00000007b9c00000, 0x00000007bdf00000, 0x00000007bdf00000)
  object space 68608K, 99% used [0x00000007b9c00000,0x00000007bdefff80,0x00000007bdf00000)
 Metaspace       used 95497K, capacity 99824K, committed 100372K, reserved 1136640K
  class space    used 11531K, capacity 12182K, committed 12308K, reserved 1048576K
Event: 1834.242 GC heap after
Heap after GC invocations=1080 (full 697):
 PSYoungGen      total 26624K, used 23551K [0x00000007bdf00000, 0x00000007c0000000, 0x00000007c0000000)
  eden space 23552K, 99% used [0x00000007bdf00000,0x00000007bf5ffff0,0x00000007bf600000)
  from space 3072K, 0% used [0x00000007bfc80000,0x00000007bfc80000,0x00000007bff80000)
  to   space 5120K, 0% used [0x00000007bf600000,0x00000007bf600000,0x00000007bfb00000)
 ParOldGen       total 68608K, used 68607K [0x00000007b9c00000, 0x00000007bdf00000, 0x00000007bdf00000)
  object space 68608K, 99% used [0x00000007b9c00000,0x00000007bdefff80,0x00000007bdf00000)
 Metaspace       used 95497K, capacity 99824K, committed 100372K, reserved 1136640K
  class space    used 11531K, capacity 12182K, committed 12308K, reserved 1048576K
}
Event: 1834.242 GC heap before
{Heap before GC invocations=1081 (full 698):
 PSYoungGen      total 26624K, used 23551K [0x00000007bdf00000, 0x00000007c0000000, 0x00000007c0000000)
  eden space 23552K, 99% used [0x00000007bdf00000,0x00000007bf5ffff0,0x00000007bf600000)
  from space 3072K, 0% used [0x00000007bfc80000,0x00000007bfc80000,0x00000007bff80000)
  to   space 5120K, 0% used [0x00000007bf600000,0x00000007bf600000,0x00000007bfb00000)
 ParOldGen       total 68608K, used 68607K [0x00000007b9c00000, 0x00000007bdf00000, 0x00000007bdf00000)
  object space 68608K, 99% used [0x00000007b9c00000,0x00000007bdefff80,0x00000007bdf00000)
 Metaspace       used 95497K, capacity 99824K, committed 100372K, reserved 1136640K
  class space    used 11531K, capacity 12182K, committed 12308K, reserved 1048576K
Event: 1834.341 GC heap after
Heap after GC invocations=1081 (full 698):
 PSYoungGen      total 26624K, used 23551K [0x00000007bdf00000, 0x00000007c0000000, 0x00000007c0000000)
  eden space 23552K, 99% used [0x00000007bdf00000,0x00000007bf5ffff0,0x00000007bf600000)
  from space 3072K, 0% used [0x00000007bfc80000,0x00000007bfc80000,0x00000007bff80000)
  to   space 5120K, 0% used [0x00000007bf600000,0x00000007bf600000,0x00000007bfb00000)
 ParOldGen       total 68608K, used 68607K [0x00000007b9c00000, 0x00000007bdf00000, 0x00000007bdf00000)
  object space 68608K, 99% used [0x00000007b9c00000,0x00000007bdefff80,0x00000007bdf00000)
 Metaspace       used 95497K, capacity 99824K, committed 100372K, reserved 1136640K
  class space    used 11531K, capacity 12182K, committed 12308K, reserved 1048576K
}
Event: 1834.342 GC heap before
{Heap before GC invocations=1082 (full 699):
 PSYoungGen      total 26624K, used 23551K [0x00000007bdf00000, 0x00000007c0000000, 0x00000007c0000000)
  eden space 23552K, 99% used [0x00000007bdf00000,0x00000007bf5ffff0,0x00000007bf600000)
  from space 3072K, 0% used [0x00000007bfc80000,0x00000007bfc80000,0x00000007bff80000)
  to   space 5120K, 0% used [0x00000007bf600000,0x00000007bf600000,0x00000007bfb00000)
 ParOldGen       total 68608K, used 68607K [0x00000007b9c00000, 0x00000007bdf00000, 0x00000007bdf00000)
  object space 68608K, 99% used [0x00000007b9c00000,0x00000007bdeffff0,0x00000007bdf00000)
 Metaspace       used 95497K, capacity 99824K, committed 100372K, reserved 1136640K
  class space    used 11531K, capacity 12182K, committed 12308K, reserved 1048576K
Event: 1834.435 GC heap after
Heap after GC invocations=1082 (full 699):
 PSYoungGen      total 26624K, used 23551K [0x00000007bdf00000, 0x00000007c0000000, 0x00000007c0000000)
  eden space 23552K, 99% used [0x00000007bdf00000,0x00000007bf5ffff0,0x00000007bf600000)
  from space 3072K, 0% used [0x00000007bfc80000,0x00000007bfc80000,0x00000007bff80000)
  to   space 5120K, 0% used [0x00000007bf600000,0x00000007bf600000,0x00000007bfb00000)
 ParOldGen       total 68608K, used 68607K [0x00000007b9c00000, 0x00000007bdf00000, 0x00000007bdf00000)
  object space 68608K, 99% used [0x00000007b9c00000,0x00000007bdeffff0,0x00000007bdf00000)
 Metaspace       used 95497K, capacity 99824K, committed 100372K, reserved 1136640K
  class space    used 11531K, capacity 12182K, committed 12308K, reserved 1048576K
}
Event: 1834.435 GC heap before
{Heap before GC invocations=1083 (full 700):
 PSYoungGen      total 26624K, used 23551K [0x00000007bdf00000, 0x00000007c0000000, 0x00000007c0000000)
  eden space 23552K, 99% used [0x00000007bdf00000,0x00000007bf5ffff0,0x00000007bf600000)
  from space 3072K, 0% used [0x00000007bfc80000,0x00000007bfc80000,0x00000007bff80000)
  to   space 5120K, 0% used [0x00000007bf600000,0x00000007bf600000,0x00000007bfb00000)
 ParOldGen       total 68608K, used 68607K [0x00000007b9c00000, 0x00000007bdf00000, 0x00000007bdf00000)
  object space 68608K, 99% used [0x00000007b9c00000,0x00000007bdeffff0,0x00000007bdf00000)
 Metaspace       used 95497K, capacity 99824K, committed 100372K, reserved 1136640K
  class space    used 11531K, capacity 12182K, committed 12308K, reserved 1048576K
Event: 1834.527 GC heap after
Heap after GC invocations=1083 (full 700):
 PSYoungGen      total 26624K, used 23551K [0x00000007bdf00000, 0x00000007c0000000, 0x00000007c0000000)
  eden space 23552K, 99% used [0x00000007bdf00000,0x00000007bf5ffff0,0x00000007bf600000)
  from space 3072K, 0% used [0x00000007bfc80000,0x00000007bfc80000,0x00000007bff80000)
  to   space 5120K, 0% used [0x00000007bf600000,0x00000007bf600000,0x00000007bfb00000)
 ParOldGen       total 68608K, used 68607K [0x00000007b9c00000, 0x00000007bdf00000, 0x00000007bdf00000)
  object space 68608K, 99% used [0x00000007b9c00000,0x00000007bdeffff0,0x00000007bdf00000)
 Metaspace       used 95497K, capacity 99824K, committed 100372K, reserved 1136640K
  class space    used 11531K, capacity 12182K, committed 12308K, reserved 1048576K
}

Deoptimization events (0 events):
No events

Classes redefined (8 events):
Event: 0.472 Thread 0x00007fafc4023000 redefined class name=com.zeroturnaround.jrebelbase.facade.bc, count=1
Event: 0.474 Thread 0x00007fafc4023000 redefined class name=com.zeroturnaround.jrebelbase.facade.aw, count=1
Event: 0.477 Thread 0x00007fafc4023000 redefined class name=com.zeroturnaround.jrebelbase.facade.a, count=1
Event: 0.479 Thread 0x00007fafc4023000 redefined class name=com.zeroturnaround.jrebelbase.d, count=1
Event: 0.481 Thread 0x00007fafc4023000 redefined class name=com.zeroturnaround.jrebelbase.facade.f, count=1
Event: 0.482 Thread 0x00007fafc4023000 redefined class name=com.zeroturnaround.jrebelbase.facade.e, count=1
Event: 0.484 Thread 0x00007fafc4023000 redefined class name=com.zeroturnaround.jrebelbase.facade.g, count=1
Event: 0.486 Thread 0x00007fafc4023000 redefined class name=com.zeroturnaround.jrebelbase.facade.af, count=1

Internal exceptions (10 events):
Event: 1830.072 Thread 0x00007fafb63f6000 Exception <a 'java/io/FileNotFoundException'> (0x00000007bf5f5cb0) thrown at [/Users/jenkins/workspace/build-scripts/jobs/jdk8u/jdk8u-mac-x64-hotspot/workspace/build/src/hotspot/src/share/vm/prims/jni.cpp, line 711]
Event: 1830.840 Thread 0x00007fafc4f67000 Exception <a 'java/lang/OutOfMemoryError'> (0x00000007ba1e5368) thrown at [/Users/jenkins/workspace/build-scripts/jobs/jdk8u/jdk8u-mac-x64-hotspot/workspace/build/src/hotspot/src/share/vm/gc_interface/collectedHeap.inline.hpp, line 168]
Event: 1832.659 Thread 0x00007fafc57fd800 Exception <a 'java/lang/OutOfMemoryError'> (0x00000007ba1e5368) thrown at [/Users/jenkins/workspace/build-scripts/jobs/jdk8u/jdk8u-mac-x64-hotspot/workspace/build/src/hotspot/src/share/vm/gc_interface/collectedHeap.inline.hpp, line 168]
Event: 1832.865 Thread 0x00007fafb663c000 Exception <a 'java/lang/OutOfMemoryError'> (0x00000007ba1e5368) thrown at [/Users/jenkins/workspace/build-scripts/jobs/jdk8u/jdk8u-mac-x64-hotspot/workspace/build/src/hotspot/src/share/vm/gc_interface/collectedHeap.inline.hpp, line 168]
Event: 1833.030 Thread 0x00007fafb4928800 Exception <a 'java/lang/OutOfMemoryError'> (0x00000007ba1e5368) thrown at [/Users/jenkins/workspace/build-scripts/jobs/jdk8u/jdk8u-mac-x64-hotspot/workspace/build/src/hotspot/src/share/vm/gc_interface/collectedHeap.inline.hpp, line 168]
Event: 1833.189 Thread 0x00007fafb797d000 Exception <a 'java/lang/OutOfMemoryError'> (0x00000007ba1e5368) thrown at [/Users/jenkins/workspace/build-scripts/jobs/jdk8u/jdk8u-mac-x64-hotspot/workspace/build/src/hotspot/src/share/vm/gc_interface/collectedHeap.inline.hpp, line 168]
Event: 1834.144 Thread 0x00007fafb4a00000 Exception <a 'java/lang/OutOfMemoryError'> (0x00000007ba1e5368) thrown at [/Users/jenkins/workspace/build-scripts/jobs/jdk8u/jdk8u-mac-x64-hotspot/workspace/build/src/hotspot/src/share/vm/gc_interface/collectedHeap.inline.hpp, line 168]
Event: 1834.341 Thread 0x00007faf278a4000 Exception <a 'java/lang/OutOfMemoryError'> (0x00000007ba1e5368) thrown at [/Users/jenkins/workspace/build-scripts/jobs/jdk8u/jdk8u-mac-x64-hotspot/workspace/build/src/hotspot/src/share/vm/gc_interface/collectedHeap.inline.hpp, line 168]
Event: 1834.527 Thread 0x00007fafb4a00000 Exception <a 'java/lang/OutOfMemoryError'> (0x00000007ba1e5368) thrown at [/Users/jenkins/workspace/build-scripts/jobs/jdk8u/jdk8u-mac-x64-hotspot/workspace/build/src/hotspot/src/share/vm/gc_interface/collectedHeap.inline.hpp, line 168]
Event: 1834.527 Thread 0x00007fafb4a00000 Exception <a 'java/lang/OutOfMemoryError': java/lang/Throwable$WrappedPrintStream> (0x00000007ba1e5368) thrown at [/Users/jenkins/workspace/build-scripts/jobs/jdk8u/jdk8u-mac-x64-hotspot/workspace/build/src/hotspot/src/share/vm/classfile/systemDictionary.

Events (10 events):
Event: 1834.341 Executing VM operation: ParallelGCFailedAllocation done
Event: 1834.341 Thread 0x00007faf278a4000 DEOPT PACKING pc=0x000000011332ae49 sp=0x0000700020945d80
Event: 1834.341 Thread 0x00007faf278a4000 DEOPT UNPACKING pc=0x0000000112f0d4c4 sp=0x0000700020945b38 mode 1
Event: 1834.341 Thread 0x00007faf278a4000 DEOPT PACKING pc=0x000000011332baec sp=0x0000700020945e50
Event: 1834.341 Thread 0x00007faf278a4000 DEOPT UNPACKING pc=0x0000000112f0d4c4 sp=0x0000700020945bc8 mode 1
Event: 1834.341 Executing VM operation: ParallelGCFailedAllocation
Event: 1834.527 Executing VM operation: ParallelGCFailedAllocation done
Event: 1834.527 Thread 0x00007faf278a4000 DEOPT PACKING pc=0x0000000113390b2c sp=0x0000700020945ee0
Event: 1834.527 Executing VM operation: ParallelGCFailedAllocation
Event: 1834.527 Thread 0x00007faf278a4000 DEOPT UNPACKING pc=0x0000000112f0d4c4 sp=0x0000700020945eb8 mode 1


Dynamic libraries:
0x00007ff82456f000 	/System/Library/Frameworks/Cocoa.framework/Versions/A/Cocoa
0x00007ff810098000 	/System/Library/Frameworks/AppKit.framework/Versions/C/AppKit
0x00007ff813563000 	/System/Library/Frameworks/CoreData.framework/Versions/A/CoreData
0x00007ff80e4c8000 	/System/Library/Frameworks/Foundation.framework/Versions/C/Foundation
0x00007ff8183bd000 	/usr/lib/libSystem.B.dylib
0x00007ff810f17000 	/System/Library/PrivateFrameworks/UIFoundation.framework/Versions/A/UIFoundation
0x00007ff81e5a6000 	/System/Library/PrivateFrameworks/RemoteViewServices.framework/Versions/A/RemoteViewServices
0x00007ff8165ce000 	/System/Library/PrivateFrameworks/XCTTargetBootstrap.framework/Versions/A/XCTTargetBootstrap
0x00007ff81a1e8000 	/System/Library/PrivateFrameworks/InternationalSupport.framework/Versions/A/InternationalSupport
0x00007ff81a272000 	/System/Library/PrivateFrameworks/UserActivity.framework/Versions/A/UserActivity
0x00007ff8195d7000 	/usr/lib/libspindump.dylib
0x00007ff8111a5000 	/System/Library/Frameworks/UniformTypeIdentifiers.framework/Versions/A/UniformTypeIdentifiers
0x00007ff814c6b000 	/usr/lib/libapp_launch_measurement.dylib
0x00007ff814c6e000 	/System/Library/PrivateFrameworks/CoreAutoLayout.framework/Versions/A/CoreAutoLayout
0x00007ff815e84000 	/System/Library/Frameworks/Metal.framework/Versions/A/Metal
0x00007ff816c3c000 	/usr/lib/liblangid.dylib
0x00007ff8165d2000 	/System/Library/PrivateFrameworks/CoreSVG.framework/Versions/A/CoreSVG
0x00007ff812568000 	/System/Library/PrivateFrameworks/SkyLight.framework/Versions/A/SkyLight
0x00007ff8128e7000 	/System/Library/Frameworks/CoreGraphics.framework/Versions/A/CoreGraphics
0x00007ff81ec06000 	/System/Library/Frameworks/Accelerate.framework/Versions/A/Accelerate
0x00007ff81902f000 	/System/Library/PrivateFrameworks/IconServices.framework/Versions/A/IconServices
0x00007ff815e69000 	/System/Library/Frameworks/IOSurface.framework/Versions/A/IOSurface
0x00007ff813f50000 	/usr/lib/libDiagnosticMessagesClient.dylib
0x00007ff8182dd000 	/usr/lib/libz.1.dylib
0x00007ff822251000 	/System/Library/Frameworks/ApplicationServices.framework/Versions/A/ApplicationServices
0x00007ff8165ba000 	/System/Library/PrivateFrameworks/DFRFoundation.framework/Versions/A/DFRFoundation
0x00007ff80f988000 	/usr/lib/libicucore.A.dylib
0x00007ff81b2c3000 	/System/Library/Frameworks/AudioToolbox.framework/Versions/A/AudioToolbox
0x00007ff81a1f4000 	/System/Library/PrivateFrameworks/DataDetectorsCore.framework/Versions/A/DataDetectorsCore
0x00007ff8124ed000 	/usr/lib/libMobileGestalt.dylib
0x00007ff8162c2000 	/System/Library/Frameworks/Carbon.framework/Versions/A/Frameworks/HIToolbox.framework/Versions/A/HIToolbox
0x00007ff8146a9000 	/System/Library/Frameworks/QuartzCore.framework/Versions/A/QuartzCore
0x00007ff80f62f000 	/System/Library/Frameworks/Security.framework/Versions/A/Security
0x00007ff81e5de000 	/System/Library/Frameworks/Carbon.framework/Versions/A/Frameworks/SpeechRecognition.framework/Versions/A/SpeechRecognition
0x00007ff8149d8000 	/System/Library/PrivateFrameworks/CoreUI.framework/Versions/A/CoreUI
0x00007ff80ef10000 	/System/Library/Frameworks/CoreAudio.framework/Versions/A/CoreAudio
0x00007ff81403d000 	/System/Library/Frameworks/DiskArbitration.framework/Versions/A/DiskArbitration
0x00007ff8199bb000 	/System/Library/PrivateFrameworks/MultitouchSupport.framework/Versions/A/MultitouchSupport
0x00007ff8124ec000 	/usr/lib/libenergytrace.dylib
0x00007ff80ff87000 	/System/Library/Frameworks/IOKit.framework/Versions/A/IOKit
0x00007ff81e9c3000 	/System/Library/Frameworks/CoreServices.framework/Versions/A/CoreServices
0x00007ff814c05000 	/System/Library/PrivateFrameworks/PerformanceAnalysis.framework/Versions/A/PerformanceAnalysis
0x00007ffa256ba000 	/System/Library/Frameworks/OpenGL.framework/Versions/A/OpenGL
0x00007ff81792d000 	/System/Library/PrivateFrameworks/MobileKeyBag.framework/Versions/A/MobileKeyBag
0x00007ff80d497000 	/usr/lib/libobjc.A.dylib
0x00007ff812fb4000 	/System/Library/Frameworks/ColorSync.framework/Versions/A/ColorSync
0x00007ff80d64b000 	/System/Library/Frameworks/CoreFoundation.framework/Versions/A/CoreFoundation
0x00007ff816846000 	/System/Library/Frameworks/CoreImage.framework/Versions/A/CoreImage
0x00007ff80ed27000 	/System/Library/Frameworks/CoreText.framework/Versions/A/CoreText
0x00007ff8165ff000 	/System/Library/Frameworks/ImageIO.framework/Versions/A/ImageIO
0x00007ff8183c3000 	/System/Library/PrivateFrameworks/SoftLinking.framework/Versions/A/SoftLinking
0x00007ff814cb6000 	/usr/lib/libxml2.2.dylib
0x00007ff80d55d000 	/usr/lib/libc++.1.dylib
0x00007ff818646000 	/usr/lib/libcompression.dylib
0x00007ff81a11e000 	/System/Library/PrivateFrameworks/TextureIO.framework/Versions/A/TextureIO
0x00007ff818d43000 	/usr/lib/libate.dylib
0x00007ff8183b8000 	/usr/lib/system/libcache.dylib
0x00007ff818374000 	/usr/lib/system/libcommonCrypto.dylib
0x00007ff81839d000 	/usr/lib/system/libcompiler_rt.dylib
0x00007ff818393000 	/usr/lib/system/libcopyfile.dylib
0x00007ff80d393000 	/usr/lib/system/libcorecrypto.dylib
0x00007ff80d450000 	/usr/lib/system/libdispatch.dylib
0x00007ff80d609000 	/usr/lib/system/libdyld.dylib
0x00007ff8183af000 	/usr/lib/system/libkeymgr.dylib
0x00007ff818352000 	/usr/lib/system/libmacho.dylib
0x00007ff817a01000 	/usr/lib/system/libquarantine.dylib
0x00007ff8183ad000 	/usr/lib/system/libremovefile.dylib
0x00007ff812538000 	/usr/lib/system/libsystem_asl.dylib
0x00007ff80d341000 	/usr/lib/system/libsystem_blocks.dylib
0x00007ff80d4d4000 	/usr/lib/system/libsystem_c.dylib
0x00007ff8183a5000 	/usr/lib/system/libsystem_collections.dylib
0x00007ff816c2d000 	/usr/lib/system/libsystem_configuration.dylib
0x00007ff815e4c000 	/usr/lib/system/libsystem_containermanager.dylib
0x00007ff8180a0000 	/usr/lib/system/libsystem_coreservices.dylib
0x00007ff80fc11000 	/usr/lib/system/libsystem_darwin.dylib
0x00007ff8183b0000 	/usr/lib/system/libsystem_dnssd.dylib
0x00007ff80d4d1000 	/usr/lib/system/libsystem_featureflags.dylib
0x00007ff80d620000 	/usr/lib/system/libsystem_info.dylib
0x00007ff8182f0000 	/usr/lib/system/libsystem_m.dylib
0x00007ff80d425000 	/usr/lib/system/libsystem_malloc.dylib
0x00007ff8124d6000 	/usr/lib/system/libsystem_networkextension.dylib
0x00007ff81003c000 	/usr/lib/system/libsystem_notify.dylib
0x00007ff81e89b000 	/usr/lib/system/libsystem_product_info_filter.dylib
0x00007ff816c31000 	/usr/lib/system/libsystem_sandbox.dylib
0x00007ff8183aa000 	/usr/lib/system/libsystem_secinit.dylib
0x00007ff80d5cc000 	/usr/lib/system/libsystem_kernel.dylib
0x00007ff80d615000 	/usr/lib/system/libsystem_platform.dylib
0x00007ff80d5fd000 	/usr/lib/system/libsystem_pthread.dylib
0x00007ff813d6e000 	/usr/lib/system/libsystem_symptoms.dylib
0x00007ff80d37a000 	/usr/lib/system/libsystem_trace.dylib
0x00007ff818380000 	/usr/lib/system/libunwind.dylib
0x00007ff80d343000 	/usr/lib/system/libxpc.dylib
0x00007ff80d5b6000 	/usr/lib/libc++abi.dylib
0x00007ff81838b000 	/usr/lib/liboah.dylib
0x00007ff818b17000 	/usr/lib/liblzma.5.dylib
0x00007ff80e1dc000 	/System/Library/Frameworks/SystemConfiguration.framework/Versions/A/SystemConfiguration
0x00007ff8183bf000 	/usr/lib/libfakelink.dylib
0x00007ff812042000 	/System/Library/Frameworks/CFNetwork.framework/Versions/A/CFNetwork
0x00007ff8184fe000 	/usr/lib/libarchive.2.dylib
0x00007ff817a27000 	/usr/lib/libbsm.0.dylib
0x00007ff811674000 	/usr/lib/libnetwork.dylib
0x00007ff818358000 	/usr/lib/system/libkxld.dylib
0x00007ffb219b2000 	/usr/lib/libCoreEntitlements.dylib
0x00007ff818082000 	/System/Library/PrivateFrameworks/AppleFSCompression.framework/Versions/A/AppleFSCompression
0x00007ff817a10000 	/usr/lib/libcoretls.dylib
0x00007ff818b31000 	/usr/lib/libcoretls_cfhelpers.dylib
0x00007ff818641000 	/usr/lib/libpam.2.dylib
0x00007ff81398d000 	/usr/lib/libsqlite3.dylib
0x00007ff818baa000 	/usr/lib/libxar.1.dylib
0x00007ff816c38000 	/System/Library/PrivateFrameworks/AppleSystemInfo.framework/Versions/A/AppleSystemInfo
0x00007ff817656000 	/System/Library/PrivateFrameworks/IOMobileFramebuffer.framework/Versions/A/IOMobileFramebuffer
0x00007ff818092000 	/usr/lib/libbz2.1.0.dylib
0x00007ff8183c4000 	/usr/lib/libpcap.A.dylib
0x00007ff813d65000 	/usr/lib/libdns_services.dylib
0x00007ff818610000 	/usr/lib/libapple_nghttp2.dylib
0x00007ff8183fb000 	/usr/lib/libiconv.2.dylib
0x00007ff818351000 	/usr/lib/libcharset.1.dylib
0x00007ff814c39000 	/System/Library/Frameworks/CoreServices.framework/Versions/A/Frameworks/FSEvents.framework/Versions/A/FSEvents
0x00007ff80fc1b000 	/System/Library/Frameworks/CoreServices.framework/Versions/A/Frameworks/CarbonCore.framework/Versions/A/CarbonCore
0x00007ff813fa2000 	/System/Library/Frameworks/CoreServices.framework/Versions/A/Frameworks/Metadata.framework/Versions/A/Metadata
0x00007ff8180a5000 	/System/Library/Frameworks/CoreServices.framework/Versions/A/Frameworks/OSServices.framework/Versions/A/OSServices
0x00007ff818584000 	/System/Library/Frameworks/CoreServices.framework/Versions/A/Frameworks/SearchKit.framework/Versions/A/SearchKit
0x00007ff813cf2000 	/System/Library/Frameworks/CoreServices.framework/Versions/A/Frameworks/AE.framework/Versions/A/AE
0x00007ff80db4d000 	/System/Library/Frameworks/CoreServices.framework/Versions/A/Frameworks/LaunchServices.framework/Versions/A/LaunchServices
0x00007ff818ac8000 	/System/Library/Frameworks/CoreServices.framework/Versions/A/Frameworks/DictionaryServices.framework/Versions/A/DictionaryServices
0x00007ff814c46000 	/System/Library/Frameworks/CoreServices.framework/Versions/A/Frameworks/SharedFileList.framework/Versions/A/SharedFileList
0x00007ff817a04000 	/usr/lib/libCheckFix.dylib
0x00007ff81254f000 	/System/Library/PrivateFrameworks/TCC.framework/Versions/A/TCC
0x00007ff816c3e000 	/System/Library/PrivateFrameworks/CoreNLP.framework/Versions/A/CoreNLP
0x00007ff813f53000 	/System/Library/PrivateFrameworks/MetadataUtilities.framework/Versions/A/MetadataUtilities
0x00007ff80e28b000 	/usr/lib/libmecabra.dylib
0x00007ff817a37000 	/usr/lib/libmecab.dylib
0x00007ff80e256000 	/usr/lib/libCRFSuite.dylib
0x00007ff817a94000 	/usr/lib/libgermantok.dylib
0x00007ff8185eb000 	/usr/lib/libThaiTokenizer.dylib
0x00007ff814044000 	/System/Library/Frameworks/Accelerate.framework/Versions/A/Frameworks/vImage.framework/Versions/A/vImage
0x00007ff81e99a000 	/System/Library/Frameworks/Accelerate.framework/Versions/A/Frameworks/vecLib.framework/Versions/A/vecLib
0x00007ff818beb000 	/System/Library/Frameworks/Accelerate.framework/Versions/A/Frameworks/vecLib.framework/Versions/A/libvMisc.dylib
0x00007ff817474000 	/System/Library/Frameworks/Accelerate.framework/Versions/A/Frameworks/vecLib.framework/Versions/A/libvDSP.dylib
0x00007ff80dec0000 	/System/Library/Frameworks/Accelerate.framework/Versions/A/Frameworks/vecLib.framework/Versions/A/libBLAS.dylib
0x00007ff818722000 	/System/Library/Frameworks/Accelerate.framework/Versions/A/Frameworks/vecLib.framework/Versions/A/libLAPACK.dylib
0x00007ff817a97000 	/System/Library/Frameworks/Accelerate.framework/Versions/A/Frameworks/vecLib.framework/Versions/A/libLinearAlgebra.dylib
0x00007ff818629000 	/System/Library/Frameworks/Accelerate.framework/Versions/A/Frameworks/vecLib.framework/Versions/A/libSparseBLAS.dylib
0x00007ff81871c000 	/System/Library/Frameworks/Accelerate.framework/Versions/A/Frameworks/vecLib.framework/Versions/A/libQuadrature.dylib
0x00007ff816d28000 	/System/Library/Frameworks/Accelerate.framework/Versions/A/Frameworks/vecLib.framework/Versions/A/libBNNS.dylib
0x00007ff80e16d000 	/System/Library/Frameworks/Accelerate.framework/Versions/A/Frameworks/vecLib.framework/Versions/A/libSparse.dylib
0x00007ff813f23000 	/System/Library/PrivateFrameworks/CoreAnalytics.framework/Versions/A/CoreAnalytics
0x00007ff816d21000 	/System/Library/PrivateFrameworks/LinguisticData.framework/Versions/A/LinguisticData
0x00007ff80e122000 	/System/Library/PrivateFrameworks/Lexicon.framework/Versions/A/Lexicon
0x00007ff818be4000 	/usr/lib/libChineseTokenizer.dylib
0x00007ff80e87c000 	/System/Library/PrivateFrameworks/LanguageModeling.framework/Versions/A/LanguageModeling
0x00007ff8185ed000 	/System/Library/PrivateFrameworks/AppleSauce.framework/Versions/A/AppleSauce
0x00007ff817644000 	/System/Library/PrivateFrameworks/CoreEmoji.framework/Versions/A/CoreEmoji
0x00007ff8184ed000 	/usr/lib/libcmph.dylib
0x00007ff814c1d000 	/System/Library/Frameworks/OpenDirectory.framework/Versions/A/Frameworks/CFOpenDirectory.framework/Versions/A/CFOpenDirectory
0x00007ff814c11000 	/System/Library/Frameworks/OpenDirectory.framework/Versions/A/OpenDirectory
0x00007ff818b33000 	/System/Library/PrivateFrameworks/APFS.framework/Versions/A/APFS
0x00007ff817965000 	/System/Library/Frameworks/SecurityFoundation.framework/Versions/A/SecurityFoundation
0x00007ff818bb8000 	/usr/lib/libutil.dylib
0x00007ff80ff4a000 	/System/Library/PrivateFrameworks/CoreServicesStore.framework/Versions/A/CoreServicesStore
0x00007ff818bbc000 	/usr/lib/libxslt.1.dylib
0x00007ff8179f2000 	/System/Library/PrivateFrameworks/BackgroundTaskManagement.framework/Versions/A/BackgroundTaskManagement
0x00007ff81a03e000 	/System/Library/Frameworks/ImageIO.framework/Versions/A/Resources/libRadiance.dylib
0x00007ff81a047000 	/System/Library/Frameworks/ImageIO.framework/Versions/A/Resources/libJPEG.dylib
0x00007ff819f91000 	/System/Library/Frameworks/ImageIO.framework/Versions/A/Resources/libPng.dylib
0x00007ff819fb8000 	/System/Library/Frameworks/ImageIO.framework/Versions/A/Resources/libTIFF.dylib
0x00007ff81a0a7000 	/System/Library/Frameworks/ImageIO.framework/Versions/A/Resources/libGIF.dylib
0x00007ff8198d4000 	/System/Library/Frameworks/ImageIO.framework/Versions/A/Resources/libJP2.dylib
0x00007ff818ff6000 	/usr/lib/libexpat.1.dylib
0x00007ff819889000 	/System/Library/PrivateFrameworks/AppleJPEG.framework/Versions/A/AppleJPEG
0x00007ff816189000 	/System/Library/PrivateFrameworks/FontServices.framework/libFontParser.dylib
0x00007ff813c9c000 	/System/Library/PrivateFrameworks/RunningBoardServices.framework/Versions/A/RunningBoardServices
0x00007ff8199b7000 	/System/Library/PrivateFrameworks/WatchdogClient.framework/Versions/A/WatchdogClient
0x00007ff80e96a000 	/System/Library/Frameworks/CoreDisplay.framework/Versions/A/CoreDisplay
0x00007ff815fde000 	/System/Library/Frameworks/CoreMedia.framework/Versions/A/CoreMedia
0x00007ff815e7b000 	/System/Library/PrivateFrameworks/IOAccelerator.framework/Versions/A/IOAccelerator
0x00007ff814d99000 	/System/Library/Frameworks/CoreVideo.framework/Versions/A/CoreVideo
0x00007ff81863f000 	/System/Library/Frameworks/MetalPerformanceShaders.framework/Versions/A/MetalPerformanceShaders
0x00007ff8199f2000 	/System/Library/Frameworks/VideoToolbox.framework/Versions/A/VideoToolbox
0x00007ff813be6000 	/System/Library/PrivateFrameworks/BaseBoard.framework/Versions/A/BaseBoard
0x00007ff813973000 	/System/Library/PrivateFrameworks/ProtocolBuffer.framework/Versions/A/ProtocolBuffer
0x00007ff81a037000 	/System/Library/PrivateFrameworks/GPUWrangler.framework/Versions/A/GPUWrangler
0x00007ff81a01a000 	/System/Library/PrivateFrameworks/IOPresentment.framework/Versions/A/IOPresentment
0x00007ff81a041000 	/System/Library/PrivateFrameworks/DSExternalDisplay.framework/Versions/A/DSExternalDisplay
0x00007ffa256ae000 	/System/Library/Frameworks/OpenGL.framework/Versions/A/Libraries/libCoreFSCache.dylib
0x00007ffb110f3000 	/System/Library/PrivateFrameworks/GPUCompiler.framework/Versions/31001/Libraries/libGPUCompilerUtils.dylib
0x00007ff81a0ac000 	/System/Library/PrivateFrameworks/CMCaptureCore.framework/Versions/A/CMCaptureCore
0x00007ff8195c5000 	/System/Library/PrivateFrameworks/AppServerSupport.framework/Versions/A/AppServerSupport
0x00007ff81bb3a000 	/System/Library/PrivateFrameworks/perfdata.framework/Versions/A/perfdata
0x00007ff80ea96000 	/System/Library/PrivateFrameworks/AudioToolboxCore.framework/Versions/A/AudioToolboxCore
0x00007ff815fbb000 	/System/Library/PrivateFrameworks/caulk.framework/Versions/A/caulk
0x00007ff81b467000 	/usr/lib/libAudioStatistics.dylib
0x00007ff912457000 	/System/Library/PrivateFrameworks/SystemPolicy.framework/Versions/A/SystemPolicy
0x00007ff81b6b3000 	/usr/lib/libSMC.dylib
0x00007ff824426000 	/System/Library/Frameworks/CoreMIDI.framework/Versions/A/CoreMIDI
0x00007ff819f60000 	/usr/lib/libAudioToolboxUtility.dylib
0x00007ff90e7a7000 	/System/Library/PrivateFrameworks/OSAServicesClient.framework/Versions/A/OSAServicesClient
0x00007ff81bb47000 	/usr/lib/libperfcheck.dylib
0x00007ff912edf000 	/usr/lib/libmis.dylib
0x00007ffa2570a000 	/System/Library/Frameworks/OpenGL.framework/Versions/A/Libraries/libGLU.dylib
0x00007ffa256cd000 	/System/Library/Frameworks/OpenGL.framework/Versions/A/Libraries/libGFXShared.dylib
0x00007ffa258d9000 	/System/Library/Frameworks/OpenGL.framework/Versions/A/Libraries/libGL.dylib
0x00007ffa256d6000 	/System/Library/Frameworks/OpenGL.framework/Versions/A/Libraries/libGLImage.dylib
0x00007ffa256ca000 	/System/Library/Frameworks/OpenGL.framework/Versions/A/Libraries/libCVMSPluginSupport.dylib
0x00007ffa256b5000 	/System/Library/Frameworks/OpenGL.framework/Versions/A/Libraries/libCoreVMClient.dylib
0x00007ff816bbd000 	/System/Library/Frameworks/MetalPerformanceShaders.framework/Versions/A/Frameworks/MPSCore.framework/Versions/A/MPSCore
0x00007ff817fee000 	/System/Library/Frameworks/MetalPerformanceShaders.framework/Versions/A/Frameworks/MPSImage.framework/Versions/A/MPSImage
0x00007ff817aad000 	/System/Library/Frameworks/MetalPerformanceShaders.framework/Versions/A/Frameworks/MPSNeuralNetwork.framework/Versions/A/MPSNeuralNetwork
0x00007ff817f22000 	/System/Library/Frameworks/MetalPerformanceShaders.framework/Versions/A/Frameworks/MPSMatrix.framework/Versions/A/MPSMatrix
0x00007ff817cde000 	/System/Library/Frameworks/MetalPerformanceShaders.framework/Versions/A/Frameworks/MPSRayIntersector.framework/Versions/A/MPSRayIntersector
0x00007ff817f5b000 	/System/Library/Frameworks/MetalPerformanceShaders.framework/Versions/A/Frameworks/MPSNDArray.framework/Versions/A/MPSNDArray
0x00007ffa2a11f000 	/System/Library/Frameworks/MetalPerformanceShaders.framework/Versions/A/Frameworks/MPSFunctions.framework/Versions/A/MPSFunctions
0x00007ff80dda3000 	/System/Library/PrivateFrameworks/MetalTools.framework/Versions/A/MetalTools
0x00007ff816c36000 	/System/Library/PrivateFrameworks/AggregateDictionary.framework/Versions/A/AggregateDictionary
0x00007ff818dda000 	/usr/lib/libIOReport.dylib
0x00007ffa26ce4000 	/System/Library/Frameworks/OpenCL.framework/Versions/A/OpenCL
0x00007ff81915f000 	/System/Library/PrivateFrameworks/FaceCore.framework/Versions/A/FaceCore
0x00007ff819150000 	/System/Library/PrivateFrameworks/GraphVisualizer.framework/Versions/A/GraphVisualizer
0x00007ffb11012000 	/System/Library/PrivateFrameworks/FontServices.framework/Versions/A/FontServices
0x00007ff81957c000 	/System/Library/PrivateFrameworks/OTSVG.framework/Versions/A/OTSVG
0x00007ff81498e000 	/System/Library/Frameworks/ApplicationServices.framework/Versions/A/Frameworks/ATS.framework/Versions/A/Resources/libFontRegistry.dylib
0x00007ff8195cd000 	/System/Library/PrivateFrameworks/FontServices.framework/libhvf.dylib
0x00007ffb11013000 	/System/Library/PrivateFrameworks/FontServices.framework/libXTFontStaticRegistryData.dylib
0x00007ff818fa6000 	/System/Library/PrivateFrameworks/AppleVA.framework/Versions/A/AppleVA
0x00007ff81b487000 	/System/Library/Frameworks/ApplicationServices.framework/Versions/A/Frameworks/ATS.framework/Versions/A/ATS
0x00007ff8130ac000 	/System/Library/Frameworks/ApplicationServices.framework/Versions/A/Frameworks/HIServices.framework/Versions/A/HIServices
0x00007ff81a0b6000 	/System/Library/Frameworks/ApplicationServices.framework/Versions/A/Frameworks/PrintCore.framework/Versions/A/PrintCore
0x00007ff81b806000 	/System/Library/Frameworks/ApplicationServices.framework/Versions/A/Frameworks/QD.framework/Versions/A/QD
0x00007ff81b7fe000 	/System/Library/Frameworks/ApplicationServices.framework/Versions/A/Frameworks/ColorSyncLegacy.framework/Versions/A/ColorSyncLegacy
0x00007ff81b477000 	/System/Library/Frameworks/ApplicationServices.framework/Versions/A/Frameworks/SpeechSynthesis.framework/Versions/A/SpeechSynthesis
0x00007ff81a077000 	/System/Library/Frameworks/ApplicationServices.framework/Versions/A/Frameworks/ATSUI.framework/Versions/A/ATSUI
0x00007ff81b793000 	/usr/lib/libcups.2.dylib
0x00007ff81bb56000 	/System/Library/Frameworks/Kerberos.framework/Versions/A/Kerberos
0x00007ff81bb65000 	/System/Library/Frameworks/GSS.framework/Versions/A/GSS
0x00007ff81b4f3000 	/usr/lib/libresolv.9.dylib
0x00007ff8195dc000 	/System/Library/PrivateFrameworks/Heimdal.framework/Versions/A/Heimdal
0x00007ff8225b6000 	/System/Library/Frameworks/Kerberos.framework/Versions/A/Libraries/libHeimdalProxy.dylib
0x00007ff813d76000 	/System/Library/Frameworks/Network.framework/Versions/A/Network
0x00007ff819010000 	/usr/lib/libheimdal-asn1.dylib
0x00007ff81bbb0000 	/System/Library/PrivateFrameworks/CommonAuth.framework/Versions/A/CommonAuth
0x00007ff81b3f8000 	/System/Library/PrivateFrameworks/AudioSession.framework/Versions/A/AudioSession
0x00007ff81909f000 	/System/Library/PrivateFrameworks/MediaExperience.framework/Versions/A/MediaExperience
0x00007ff81b292000 	/System/Library/PrivateFrameworks/AudioSession.framework/libSessionUtility.dylib
0x00007ff81b812000 	/System/Library/PrivateFrameworks/AudioResourceArbitration.framework/Versions/A/AudioResourceArbitration
0x00007ff819019000 	/System/Library/PrivateFrameworks/IconFoundation.framework/Versions/A/IconFoundation
0x00007ff81e5ce000 	/System/Library/PrivateFrameworks/SpeechRecognitionCore.framework/Versions/A/SpeechRecognitionCore
0x00007ffa16263000 	/System/Library/CoreServices/Encodings/libSimplifiedChineseConverter.dylib
0x000000011209b000 	/Users/tangyao/Library/Java/JavaVirtualMachines/adopt-openjdk-1.8.0_292/Contents/Home/jre/lib/server/libjvm.dylib
0x000000010c77e000 	/Users/tangyao/Library/Java/JavaVirtualMachines/adopt-openjdk-1.8.0_292/Contents/Home/jre/lib/libverify.dylib
0x000000010c7d4000 	/Users/tangyao/Library/Java/JavaVirtualMachines/adopt-openjdk-1.8.0_292/Contents/Home/jre/lib/libjava.dylib
0x000000010c863000 	/Users/tangyao/Library/Java/JavaVirtualMachines/adopt-openjdk-1.8.0_292/Contents/Home/jre/lib/libjdwp.dylib
0x000000010c78f000 	/Users/tangyao/Library/Java/JavaVirtualMachines/adopt-openjdk-1.8.0_292/Contents/Home/jre/lib/libnpt.dylib
0x000000010c798000 	/private/var/folders/v5/ghrzd4gj0mqcxq4yjppts2x80000gn/T/jrebel-JRebel-202107050923-griffin/lib/libjrebel64.dylib
0x000000010c83e000 	/Users/tangyao/Library/Java/JavaVirtualMachines/adopt-openjdk-1.8.0_292/Contents/Home/jre/lib/libinstrument.dylib
0x000000010c828000 	/Users/tangyao/Library/Java/JavaVirtualMachines/adopt-openjdk-1.8.0_292/Contents/Home/jre/lib/libzip.dylib
0x000000010daa7000 	/Users/tangyao/Library/Java/JavaVirtualMachines/adopt-openjdk-1.8.0_292/Contents/Home/jre/lib/libdt_socket.dylib
0x0000000123ca7000 	/Users/tangyao/Library/Java/JavaVirtualMachines/adopt-openjdk-1.8.0_292/Contents/Home/jre/lib/libnio.dylib
0x0000000123ce1000 	/Users/tangyao/Library/Java/JavaVirtualMachines/adopt-openjdk-1.8.0_292/Contents/Home/jre/lib/libnet.dylib
0x0000000123d50000 	/Users/tangyao/Library/Java/JavaVirtualMachines/adopt-openjdk-1.8.0_292/Contents/Home/jre/lib/libsunec.dylib
0x0000000123d94000 	/Users/tangyao/Library/Java/JavaVirtualMachines/adopt-openjdk-1.8.0_292/Contents/Home/jre/lib/libmanagement.dylib

VM Arguments:
jvm_args: -agentlib:jdwp=transport=dt_socket,address=127.0.0.1:58682,suspend=y,server=n -Drebel.base=/Users/tangyao/.jrebel -Drebel.env.ide.plugin.version=2021.3.0 -Drebel.env.ide.version=2021.1.2 -Drebel.env.ide.product=IU -Drebel.env.ide=intellij -Drebel.notification.url=http://localhost:17434 -agentpath:/var/folders/v5/ghrzd4gj0mqcxq4yjppts2x80000gn/T/jrebel-JRebel-202107050923-griffin/lib/libjrebel64.dylib -Xmx100m -XX:TieredStopAtLevel=1 -Xverify:none -Dspring.output.ansi.enabled=always -javaagent:/Users/tangyao/Library/Caches/JetBrains/IntelliJIdea2021.1/captureAgent/debugger-agent.jar -Dfile.encoding=UTF-8 
java_command: com.atguigu.gulimall.product.GulimallProductApplication
java_class_path (initial): /Users/tangyao/Library/Java/JavaVirtualMachines/adopt-openjdk-1.8.0_292/Contents/Home/jre/lib/charsets.jar:/Users/tangyao/Library/Java/JavaVirtualMachines/adopt-openjdk-1.8.0_292/Contents/Home/jre/lib/ext/cldrdata.jar:/Users/tangyao/Library/Java/JavaVirtualMachines/adopt-openjdk-1.8.0_292/Contents/Home/jre/lib/ext/dnsns.jar:/Users/tangyao/Library/Java/JavaVirtualMachines/adopt-openjdk-1.8.0_292/Contents/Home/jre/lib/ext/jaccess.jar:/Users/tangyao/Library/Java/JavaVirtualMachines/adopt-openjdk-1.8.0_292/Contents/Home/jre/lib/ext/localedata.jar:/Users/tangyao/Library/Java/JavaVirtualMachines/adopt-openjdk-1.8.0_292/Contents/Home/jre/lib/ext/nashorn.jar:/Users/tangyao/Library/Java/JavaVirtualMachines/adopt-openjdk-1.8.0_292/Contents/Home/jre/lib/ext/sunec.jar:/Users/tangyao/Library/Java/JavaVirtualMachines/adopt-openjdk-1.8.0_292/Contents/Home/jre/lib/ext/sunjce_provider.jar:/Users/tangyao/Library/Java/JavaVirtualMachines/adopt-openjdk-1.8.0_292/Contents/Home/jre/lib/ext/sunpkcs11.jar:/Users/tangyao/Library/Java/JavaVirtualMachines/adopt-openjdk-1.8.0_292/Contents/Home/jre/lib/ext/zipfs.jar:/Users/tangyao/Library/Java/JavaVirtualMachines/adopt-openjdk-1.8.0_292/Contents/Home/jre/lib/jce.jar:/Users/tangyao/Library/Java/JavaVirtualMachines/adopt-openjdk-1.8.0_292/Contents/Home/jre/lib/jfr.jar:/Users/tangyao/Library/Java/JavaVirtualMachines/adopt-openjdk-1.8.0_292/Contents/Home/jre/lib/jsse.jar:/Users/tangyao/Library/Java/JavaVirtualMachines/adopt-openjdk-1.8.0_292/Contents/Home/jre/lib/management-agent.jar:/Users/tangyao/Library/Java/JavaVirtualMachines/adopt-openjdk-1.8.0_292/Contents/Home/jre/lib/resources.jar:/Users/tangyao/Library/Java/JavaVirtualMachines/adopt-openjdk-1.8.0_292/Contents/Home/jre/lib/rt.jar:/Users/tangyao/Library/Java/JavaVirtualMachines/adopt-openjdk-1.8.0_292/Contents/Home/lib/dt.jar:/Users/tangyao/Library/Java/JavaVirtualMachines/adopt-openjdk-1.8.0_292/Contents/Home/lib/jconsole.jar:/Users/tangyao/Library/Java/JavaVir
Launcher Type: SUN_STANDARD

Environment Variables:
PATH=/usr/local/bin:/usr/local/sbin:/usr/local/bin:/usr/bin:/bin:/usr/sbin:/sbin:/Applications/VMware Fusion.app/Contents/Public:/Applications/IntelliJ IDEA.app/Contents/plugins/maven/lib/maven3/bin
SHELL=/bin/zsh

Signal Handlers:
SIGSEGV: [libjvm.dylib+0x597a73], sa_mask[0]=11111111011111110111111111111111, sa_flags=SA_ONSTACK|SA_RESTART|SA_SIGINFO
SIGBUS: [libjvm.dylib+0x597a73], sa_mask[0]=11111111011111110111111111111111, sa_flags=SA_RESTART|SA_SIGINFO
SIGFPE: [libjvm.dylib+0x48bbdb], sa_mask[0]=11111111011111110111111111111111, sa_flags=SA_RESTART|SA_SIGINFO
SIGPIPE: [libjvm.dylib+0x48bbdb], sa_mask[0]=11111111011111110111111111111111, sa_flags=SA_RESTART|SA_SIGINFO
SIGXFSZ: [libjvm.dylib+0x48bbdb], sa_mask[0]=11111111011111110111111111111111, sa_flags=SA_RESTART|SA_SIGINFO
SIGILL: [libjvm.dylib+0x48bbdb], sa_mask[0]=11111111011111110111111111111111, sa_flags=SA_RESTART|SA_SIGINFO
SIGUSR1: SIG_DFL, sa_mask[0]=00000000000000000000000000000000, sa_flags=none
SIGUSR2: [libjvm.dylib+0x48c4d2], sa_mask[0]=00100000000000000000000000000000, sa_flags=SA_RESTART|SA_SIGINFO
SIGHUP: [libjvm.dylib+0x48a6d1], sa_mask[0]=11111111011111110111111111111111, sa_flags=SA_RESTART|SA_SIGINFO
SIGINT: [libjvm.dylib+0x48a6d1], sa_mask[0]=11111111011111110111111111111111, sa_flags=SA_RESTART|SA_SIGINFO
SIGTERM: [libjvm.dylib+0x48a6d1], sa_mask[0]=11111111011111110111111111111111, sa_flags=SA_RESTART|SA_SIGINFO
SIGQUIT: [libjvm.dylib+0x48a6d1], sa_mask[0]=11111111011111110111111111111111, sa_flags=SA_RESTART|SA_SIGINFO


---------------  S Y S T E M  ---------------

OS:Bsduname:Darwin 21.0.0 Darwin Kernel Version 21.0.0: Thu Jul 22 19:52:31 PDT 2021; root:xnu-8019.0.72.141.3~2/RELEASE_X86_64 x86_64
rlimit: STACK 8192k, CORE 0k, NPROC 5568, NOFILE 10240, AS infinity
load average:6.19 3.15 2.52

CPU:total 16 (initial active 16) (8 cores per cpu, 2 threads per core) family 6 model 165 stepping 5, cmov, cx8, fxsr, mmx, sse, sse2, sse3, ssse3, sse4.1, sse4.2, popcnt, avx, avx2, aes, clmul, erms, 3dnowpref, lzcnt, ht, tsc, tscinvbit, bmi1, bmi2, adx

Memory: 4k page, physical 33554432k(28484k free)

/proc/meminfo:


vm_info: OpenJDK 64-Bit Server VM (25.292-b10) for bsd-amd64 JRE (1.8.0_292-b10), built on Apr 20 2021 21:55:04 by "jenkins" with gcc 4.2.1 Compatible Apple LLVM 10.0.1 (clang-1001.0.46.4)

time: Mon Aug  9 18:16:32 2021
timezone: CST
elapsed time: 1834.558651 seconds (0d 0h 30m 34s)

